<?xml version="1.0" encoding="utf-8"?>
<TestRun id="6153905e-ceb7-4685-b3b7-a33055a99f3f" name="Kevin@LAPTOP-O0TPN0MB 2025-07-25 23:03:02" runUser="LAPTOP-O0TPN0MB\Kevin" xmlns="http://microsoft.com/schemas/VisualStudio/TeamTest/2010">
  <Times creation="2025-07-25T23:03:02.2640302+08:00" queuing="2025-07-25T23:03:02.2640305+08:00" start="2025-07-25T23:02:40.0530792+08:00" finish="2025-07-25T23:03:11.4443697+08:00" />
  <TestSettings name="default" id="c8993af3-8871-40c0-9c79-ea10875fc324">
    <Deployment runDeploymentRoot="Kevin_LAPTOP-O0TPN0MB_2025-07-25_23_03_02" />
  </TestSettings>
  <Results>
    <UnitTestResult executionId="5e542ace-bde0-4d7f-9334-ca507b00e85a" testId="77a66f12-887d-16a7-56f1-3f644af57505" testName="添加笔记本电脑到购物车并验证" computerName="LAPTOP-O0TPN0MB" duration="00:00:14.9861150" startTime="2025-07-25T23:02:47.1270053+08:00" endTime="2025-07-25T23:03:02.1130261+08:00" testType="13cdc9d9-ddb5-4fa4-a97d-d965ccfc6d4b" outcome="Passed" testListId="8c84fa94-04c1-424b-9868-57a2d4851a1d" relativeResultsDirectory="5e542ace-bde0-4d7f-9334-ca507b00e85a">
      <Output>
        <StdOut>&lt;html lang="en"&gt;&lt;head&gt;&lt;style type="text/css"&gt;@charset "UTF-8";[ng\:cloak],[ng-cloak],[data-ng-cloak],[x-ng-cloak],.ng-cloak,.x-ng-cloak,.ng-hide:not(.ng-hide-animate){display:none !important;}ng\:form{display:block;}.ng-animate-shim{visibility:hidden;}.ng-anchor{position:absolute;}&lt;/style&gt;&#xD;
    &lt;meta charset="utf-8"&gt;&#xD;
    &lt;meta http-equiv="X-UA-Compatible" content="IE=edge"&gt;&#xD;
    &lt;meta name="viewport" content="width=device-width, initial-scale=1"&gt;&#xD;
    &lt;meta name="description" content=""&gt;&#xD;
    &lt;meta name="author" content=""&gt;&#xD;
    &lt;link rel="shortcut icon" href="css/images/favicon.ico"&gt;&#xD;
    &lt;meta name="viewport" content="width=device-width,  initial-scale=1.0, minimum-scale=1.0, maximum-scale=1.0"&gt;&#xD;
    &lt;title&gt;&amp;nbsp;Advantage Shopping&lt;/title&gt;&#xD;
    &lt;link rel="stylesheet" href="css/main.min.css"&gt;&#xD;
    &lt;!--&lt;script&gt;--&gt;&#xD;
        &lt;!--(function(i,s,o,g,r,a,m){i['GoogleAnalyticsObject']=r;i[r]=i[r]||function(){(i[r].q=i[r].q||[]).push(arguments)},i[r].l=1*new Date();a=s.createElement(o),--&gt;&#xD;
                &lt;!--m=s.getElementsByTagName(o)[0];a.async=1;a.src=g;m.parentNode.insertBefore(a,m)})(window,document,'script','https://www.google-analytics.com/analytics.js','ga');--&gt;&#xD;
        &lt;!--ga('create', 'UA-81334227-1', 'auto');ga('send', 'pageview');--&gt;&#xD;
    &lt;!--&lt;/script&gt;--&gt;&#xD;
    &lt;script async="" src="//www.google-analytics.com/analytics.js"&gt;&lt;/script&gt;&lt;script async="" src="https://www.googletagmanager.com/gtag/js?id=G-TBPYED8WSW" style="color: rgb(0, 0, 0);"&gt;&lt;/script&gt;&#xD;
    &lt;script&gt;&#xD;
        window.dataLayer = window.dataLayer || [];&#xD;
        function gtag(){dataLayer.push(arguments);}&#xD;
        gtag('js', new Date());&#xD;
&#xD;
        gtag('config', 'G-TBPYED8WSW');&#xD;
    &lt;/script&gt;&#xD;
&lt;script type="text/javascript" charset="utf-8" async="" data-requirecontext="_" data-requiremodule="main.min" src="./main.min.js"&gt;&lt;/script&gt;&lt;/head&gt;&#xD;
&#xD;
&lt;body data-ng-controller="mainCtrl as mainCtrl" class="ng-scope"&gt;&#xD;
&lt;!--&lt;div id="team" data-ng-click="mainCtrl.closeImgTeam()"&gt;--&gt;&#xD;
    &lt;!--&lt;div class="container"&gt;--&gt;&#xD;
        &lt;!--&lt;div class="img"&gt;--&gt;&#xD;
            &lt;!--&lt;div id="teamIdToAnimate" class="animated"&gt;--&gt;&#xD;
                &lt;!--&lt;img src="../../css/images/Advantage_online_shopping_team.jpg" alt="team"&gt;--&gt;&#xD;
            &lt;!--&lt;/div&gt;--&gt;&#xD;
        &lt;!--&lt;/div&gt;--&gt;&#xD;
    &lt;!--&lt;/div&gt;--&gt;&#xD;
&lt;!--&lt;/div&gt;--&gt;&#xD;
&#xD;
&lt;div class="waitBackground_2"&gt;&#xD;
    &lt;div&gt;&#xD;
        &lt;!--&#xD;
        &lt;svg version="1.1" id="Layer_1"&#xD;
             xmlns="http://www.w3.org/2000/svg"&#xD;
             xmlns:xlink="http://www.w3.org/1999/xlink"&#xD;
             x="0px" y="0px"&#xD;
             width="250px" height="250px" viewBox="0 0 30 45" enable-background="new 0 0 45 45" xml:space="preserve"&gt;&#xD;
                &lt;path fill="#54B3AD" d="M21,33h-6c-1.1,0-2-1.1-2-2.2V7h2.9c0.7,0,1.3,0.4,1.6,1.1l12.9,35.2c0.4,1,1.6,1.6,2.6,1.6h5L22,1.8&#xD;
                    C21.6,0.7,21.1,0,20,0H6v34.1c0,3.3,1.4,5.9,5,5.9h14l-1.3-5.6C23.4,33.4,22,33,21,33z"/&gt;&#xD;
        &lt;/svg&gt;--&gt;&#xD;
    &lt;/div&gt;&#xD;
&lt;/div&gt;&#xD;
&#xD;
&lt;div class="loader" style="opacity: 0; display: none;"&gt;&#xD;
    &lt;div&gt;&#xD;
        &lt;svg width="50" height="50" viewBox="0 0 50 50" xmlns="http://www.w3.org/2000/svg"&gt;&#xD;
            &lt;defs&gt;&#xD;
                &lt;linearGradient x1="8.042%" y1="0%" x2="65.682%" y2="23.865%" id="a"&gt;&#xD;
                    &lt;stop stop-color="#54B3AD" stop-opacity="0" offset="0%"&gt;&lt;/stop&gt;&#xD;
                    &lt;stop stop-color="#54B3AD" stop-opacity=".631" offset="63.146%"&gt;&lt;/stop&gt;&#xD;
                    &lt;stop stop-color="#54B3AD" offset="100%"&gt;&lt;/stop&gt;&#xD;
                &lt;/linearGradient&gt;&#xD;
            &lt;/defs&gt;&#xD;
            &lt;g fill="none" fill-rule="evenodd"&gt;&#xD;
                &lt;g transform="translate(1 1)"&gt;&#xD;
                    &lt;path d="M36 18c0-9.94-8.06-18-18-18" id="Oval-2" stroke="url(#a)" stroke-width="2"&gt;&#xD;
                        &lt;animateTransform attributeName="transform" type="rotate" from="0 18 18" to="360 18 18" dur="0.9s" repeatCount="indefinite"&gt;&lt;/animateTransform&gt;&#xD;
                    &lt;/path&gt;&#xD;
                    &lt;circle fill="#54B3AD" cx="36" cy="18" r="1"&gt;&#xD;
                        &lt;animateTransform attributeName="transform" type="rotate" from="0 18 18" to="360 18 18" dur="0.9s" repeatCount="indefinite"&gt;&lt;/animateTransform&gt;&#xD;
                    &lt;/circle&gt;&#xD;
                &lt;/g&gt;&#xD;
            &lt;/g&gt;&#xD;
        &lt;/svg&gt;&#xD;
    &lt;/div&gt;&#xD;
&lt;/div&gt;&#xD;
&#xD;
&lt;login-modal&gt;&lt;div class="PopUp"&gt;&#xD;
    &lt;div&gt;&#xD;
&#xD;
        &lt;div class="loader" style="opacity: 0; display: none;"&gt;&#xD;
            &lt;div&gt;&#xD;
                &lt;svg width="50" height="50" viewBox="0 0 50 50" xmlns="http://www.w3.org/2000/svg"&gt;&#xD;
                    &lt;defs&gt;&#xD;
                        &lt;linearGradient x1="8.042%" y1="0%" x2="65.682%" y2="23.865%" id="a"&gt;&#xD;
                            &lt;stop stop-color="#54B3AD" stop-opacity="0" offset="0%"&gt;&lt;/stop&gt;&#xD;
                            &lt;stop stop-color="#54B3AD" stop-opacity=".631" offset="63.146%"&gt;&lt;/stop&gt;&#xD;
                            &lt;stop stop-color="#54B3AD" offset="100%"&gt;&lt;/stop&gt;&#xD;
                        &lt;/linearGradient&gt;&#xD;
                    &lt;/defs&gt;&#xD;
                    &lt;g fill="none" fill-rule="evenodd"&gt;&#xD;
                        &lt;g transform="translate(1 1)"&gt;&#xD;
                            &lt;path d="M36 18c0-9.94-8.06-18-18-18" id="Oval-2" stroke="url(#a)" stroke-width="2"&gt;&#xD;
                                &lt;animateTransform attributeName="transform" type="rotate" from="0 18 18" to="360 18 18" dur="0.9s" repeatCount="indefinite"&gt;&lt;/animateTransform&gt;&#xD;
                            &lt;/path&gt;&#xD;
                            &lt;circle fill="#54B3AD" cx="36" cy="18" r="1"&gt;&#xD;
                                &lt;animateTransform attributeName="transform" type="rotate" from="0 18 18" to="360 18 18" dur="0.9s" repeatCount="indefinite"&gt;&lt;/animateTransform&gt;&#xD;
                            &lt;/circle&gt;&#xD;
                        &lt;/g&gt;&#xD;
                    &lt;/g&gt;&#xD;
                &lt;/svg&gt;&#xD;
            &lt;/div&gt;&#xD;
        &lt;/div&gt;&#xD;
&#xD;
        &lt;div class="closeBtn loginPopUpCloseBtn"&gt;&lt;/div&gt;&#xD;
&#xD;
        &lt;div class="login ng-scope" ng-controller="userController"&gt;&#xD;
&#xD;
            &lt;img src="../../css/images/logo.png"&gt;&#xD;
&#xD;
            &lt;span class="facebook ng-scope" translate="FACEBOOK_SIGN_IN" data-ng-click="singWithFacebook()"&gt;SIGN IN WITH FACEBOOK&lt;/span&gt;&#xD;
            &lt;label id="signInResultMessage" class="or  center"&gt;OR&lt;/label&gt;&#xD;
&#xD;
            &lt;sec-form class="ng-isolate-scope secForm"&gt;&#xD;
&#xD;
                &lt;sec-view a-hint="Username" a-do-not-show-info="true" a-star="false" sec-model="loginUser.loginUser" sec-require="mainCtrl.getRequire('User_name')" sec-name="username" class="ng-isolate-scope sec-view"&gt;&#xD;
                &lt;div class="inputContainer ng-scope"&gt;&lt;div class="hidden"&gt;Username&lt;/div&gt;&lt;input name="username" type="text" data-ng-model="secModel" class="ng-pristine ng-untouched ng-valid ng-scope"&gt;&lt;label data-ng-click="labelClicked()" data-ng-mouseout="labelOut()"&gt;Username&lt;/label&gt;&lt;/div&gt;&lt;ul&gt;&lt;li style="display: block; position: absolute; height: 0"&gt;&lt;a&gt;&lt;/a&gt;&lt;/li&gt;&lt;/ul&gt;&lt;/sec-view&gt;&#xD;
&#xD;
                &lt;sec-view a-hint="Password" a-do-not-show-info="true" a-star="false" a-type="password" sec-model="loginUser.loginPassword" sec-require="mainCtrl.getRequire('Password')" sec-name="password" class="ng-isolate-scope sec-view"&gt;&#xD;
                &lt;div class="inputContainer ng-scope"&gt;&lt;div class="hidden"&gt;Password&lt;/div&gt;&lt;input name="password" type="password" data-ng-model="secModel" class="ng-pristine ng-untouched ng-valid ng-scope"&gt;&lt;label data-ng-click="labelClicked()" data-ng-mouseout="labelOut()"&gt;Password&lt;/label&gt;&lt;/div&gt;&lt;ul&gt;&lt;li style="display: block; position: absolute; height: 0"&gt;&lt;a&gt;&lt;/a&gt;&lt;/li&gt;&lt;/ul&gt;&lt;/sec-view&gt;&#xD;
&#xD;
                &lt;sec-view a-hint="Email" a-do-not-show-info="true" a-star="false" ng-show="mainCtrl.config.emailAddressInLogin" sec-disable-validation="!mainCtrl.config.emailAddressInLogin" sec-model="loginUser.email" sec-name="email" class="ng-isolate-scope sec-view ng-hide"&gt;&#xD;
                &lt;div class="inputContainer ng-scope"&gt;&lt;div class="hidden"&gt;Email&lt;/div&gt;&lt;input name="email" type="text" data-ng-model="secModel" class="ng-pristine ng-untouched ng-valid ng-scope"&gt;&lt;label data-ng-click="labelClicked()" data-ng-mouseout="labelOut()"&gt;Email&lt;/label&gt;&lt;/div&gt;&lt;ul&gt;&lt;/ul&gt;&lt;/sec-view&gt;&#xD;
&#xD;
&#xD;
                &lt;div class="left option " style="top: 20px"&gt;&#xD;
                    &lt;input name="remember_me" type="checkbox" ng-model="mainCtrl.rememberMe" class="ng-pristine ng-untouched ng-valid"&gt;&#xD;
                    &lt;span translate="REMEMBER_ME" class="ng-scope"&gt;REMEMBER ME&lt;/span&gt;&#xD;
                &lt;/div&gt;&#xD;
&#xD;
                &lt;sec-sender class="roboto-medium ng-isolate-scope sec-sender" a-value="SIGN IN" sec-send="signIn(loginUser, mainCtrl.rememberMe)"&gt;&lt;button id="sign_in_btn" type="button" class="sec-sender-a ng-scope invalid" role="button" data-ng-click="senderCtrl.send()" disabled=""&gt;SIGN IN&lt;/button&gt;&lt;/sec-sender&gt;&#xD;
&#xD;
&#xD;
            &lt;/sec-form&gt;&#xD;
&#xD;
            &lt;a href="javascript:void(0)" role="link" class="forgot-Passwowd ng-scope" translate="FORGOT_PASSWORD" data-ng-click="forgotPassword()"&gt;Forgot your password?&lt;/a&gt;&#xD;
            &lt;a href="javascript:void(0)" role="link" class="create-new-account ng-scope" translate="CREATE_NEW_ACCOUNT" data-ng-click="createNewAccount()"&gt;CREATE NEW ACCOUNT&lt;/a&gt;&#xD;
&#xD;
        &lt;/div&gt;&#xD;
    &lt;/div&gt;&#xD;
&#xD;
&lt;/div&gt;&lt;/login-modal&gt;&#xD;
&#xD;
&lt;span class="mobileTitle"&gt;&#xD;
    &lt;div class="mini-title" id="loginMobileMiniTitle" style="display: none;"&gt;&#xD;
        &lt;label class="option ng-scope" translate="My_account" ng-click="accountSection()"&gt;My account&lt;/label&gt;&#xD;
        &lt;label class="option ng-scope" translate="My_Orders" ng-click="mobileRedirect('MyOrders')"&gt;My orders&lt;/label&gt;&#xD;
        &lt;label class="option ng-scope" translate="Sign_out" ng-click="signOut()"&gt;Sign out&lt;/label&gt;&#xD;
    &lt;/div&gt;&#xD;
&lt;/span&gt;&#xD;
&#xD;
&lt;span class="mobileTitle"&gt;&#xD;
    &lt;div class="mini-title-help mini-title-help-mobile" id="helpMobileMiniTitle" style="display: none;"&gt;&#xD;
        &lt;label class="option ng-scope" translate="ABOUT" ng-click="mobileRedirectHelp('about')"&gt;About&lt;/label&gt;&#xD;
        &lt;label class="option ng-scope" translate="AOS_VERSIONS" ng-click="mobileRedirectHelp('version')"&gt;AOS Versions&lt;/label&gt;&#xD;
        &lt;label class="option ng-scope" translate="CONFIG_TOOL" ng-click="openAdminClient()"&gt;Management Console&lt;/label&gt;&#xD;
    &lt;/div&gt;&#xD;
&lt;/span&gt;&#xD;
&#xD;
&lt;aside id="mobile-section" class="" style="left: -164px;"&gt;&#xD;
    &lt;ul&gt;&#xD;
        &lt;li data-ng-click="mobileRedirect('default')"&gt;&#xD;
            &lt;a href="javascript:void(0)" role="link" class="img"&gt;&#xD;
                &lt;svg id="mobileHome" version="1.1" xmlns="http://www.w3.org/2000/svg" xmlns:xlink="http://www.w3.org/1999/xlink" x="0px" y="0px" width="24px" height="24px" viewBox="0 0 24 24" enable-background="new 0 0 24 24" xml:space="preserve" icon-home-svg-mobile=""&gt;&#xD;
	&lt;path fill="#313131" d="M21,24H3V10l-1.7,1.4L0,9.8L12,0l12,9.8l-1.3,1.5L21,10V24z M16,22h3V8.3l-7-5.7L5,8.3V22h3v-8h8V22z M10,22 h4v-6h-4V22z"&gt;&lt;/path&gt;&#xD;
&lt;/svg&gt;&#xD;
            &lt;/a&gt;&#xD;
        &lt;/li&gt;&#xD;
        &lt;li data-ng-click="mobileRedirect('shoppingCart')"&gt;&#xD;
            &lt;a href="javascript:void(0)" role="link" class="img"&gt;&#xD;
                &lt;svg id="mobileCart" version="1.1" xmlns="http://www.w3.org/2000/svg" xmlns:xlink="http://www.w3.org/1999/xlink" x="0px" y="0px" width="24px" height="24px" viewBox="0 0 24 24" enable-background="new 0 0 24 24" xml:space="preserve" icon-cart-svg-mobile=""&gt;&#xD;
    &lt;path fill="#313131" d="M9,20c-1.1,0-2,0.9-2,2c0,1.1,0.9,2,2,2c1.1,0,2-0.9,2-2C11,20.9,10.1,20,9,20z M19,20c-1.1,0-2,0.9-2,2&#xD;
        c0,1.1,0.9,2,2,2s2-0.9,2-2C21,20.9,20.1,20,19,20z M8.3,15h12.5L24,4H5.5L4.8,1H0v2h3.2l4,16H21v-2H8.8L8.3,15z M6,6h15.3l-2,7&#xD;
        H7.8L6,6z"&gt;&lt;/path&gt;&#xD;
&lt;/svg&gt;&#xD;
                &lt;span class="cart ng-binding" ng-show="(cart | productsCartCount) &gt; 0" style=""&gt;1&lt;/span&gt;&#xD;
            &lt;/a&gt;&#xD;
        &lt;/li&gt;&#xD;
        &lt;li class="pointer" data-ng-click="login('loginMobileMiniTitle')"&gt;&#xD;
            &lt;a href="javascript:void(0)" role="link" class="img center"&gt;&#xD;
                &lt;a title="USER" icon-user-svg-mobile=""&gt;&#xD;
    &lt;svg id="mobileUser" version="1.1" xmlns="http://www.w3.org/2000/svg" xmlns:xlink="http://www.w3.org/1999/xlink" x="0px" y="0px" width="24px" height="24px" viewBox="0 0 24 24" enable-background="new 0 0 24 24" xml:space="preserve"&gt;&#xD;
        &lt;path fill="#313131" d="M12,13.6c3.3,0,5.9-3.1,5.9-6.8C17.9,3.1,15.3,0,12,0C8.7,0,6.1,3.1,6.1,6.8C6.1,10.6,8.7,13.6,12,13.6z&#xD;
             M12,2.1c2.1,0,3.8,2.1,3.8,4.7c0,2.6-1.7,4.7-3.8,4.7c-2.1,0-3.8-2.1-3.8-4.7C8.2,4.2,9.9,2.1,12,2.1z M20,14.3&#xD;
            c-0.4-0.4-1.1-0.3-1.5,0.1c-0.4,0.4-0.3,1.1,0.1,1.5c0.6,0.5,1.1,1.8,1.1,2.4c0,1.4-0.3,2.3-0.8,2.8C18,22,16,22,13.3,21.9&#xD;
            c-0.9,0-1.8,0-2.7,0C8,22,6,22,5.1,21.1c-0.5-0.5-0.8-1.4-0.8-2.8c0-0.9,0.3-1.7,1-2.5c0.4-0.4,0.3-1.1-0.1-1.4&#xD;
            C4.7,14,4.1,14,3.7,14.5c-1,1.2-1.5,2.4-1.5,3.8c0,1.9,0.5,3.3,1.4,4.2c1.5,1.5,4,1.5,7.1,1.5c0.9,0,1.8,0,2.7,0&#xD;
            c0.4,0,0.8,0,1.2,0c2.5,0,4.6-0.2,5.9-1.5c0.9-0.9,1.4-2.3,1.4-4.2C21.8,17.2,21.1,15.3,20,14.3z"&gt;&lt;/path&gt;&#xD;
    &lt;/svg&gt;&#xD;
&lt;/a&gt;&#xD;
                &lt;span data-ng-show="userCookie.response" class="hi-user ng-binding ng-hide"&gt;&lt;/span&gt;&#xD;
            &lt;/a&gt;&#xD;
        &lt;/li&gt;&#xD;
    &lt;/ul&gt;&#xD;
&lt;/aside&gt;&#xD;
&#xD;
&lt;!-- end mobile slider --&gt;&#xD;
&#xD;
&#xD;
&#xD;
&#xD;
&lt;!-- navigation --&gt;&#xD;
&#xD;
&lt;header ng-show="welcome" class=""&gt;&#xD;
    &lt;nav&gt;&#xD;
        &lt;ul class="roboto-light desktop-handler"&gt;&#xD;
            &lt;li&gt;&#xD;
                &lt;a id="helpLink" href="javascript:void(0)" role="link" class="img" data-ng-click="help('helpMiniTitle')" data-ng-mouseenter="miniTitleIn('helpMiniTitle')" data-ng-mouseleave="miniTitleOut('helpMiniTitle')"&gt;&#xD;
&#xD;
                    &lt;img src="../../css/images/Down_arrow.svg" width="12px" ;="" height="7px"&gt;&#xD;
                    &lt;svg id="menuHelp" version="1.1" xmlns="http://www.w3.org/2000/svg" xmlns:xlink="http://www.w3.org/1999/xlink" x="0px" y="0px" width="24px" height="24px" viewBox="0 0 24 24" enable-background="new 0 0 24 24" xml:space="preserve" icon-help-svg=""&gt;&#xD;
    &lt;path fill="#313131" d="M11,18 L13,18 L13,16 L11,16 L11,18 Z M12,2 C6.48,2 2,6.48 2,12 C2,17.52 6.48,22 12,22 C17.52,22 22,17.52 22,12 C22,6.48 17.52,2 12,2 Z M12,20 C7.59,20 4,16.41 4,12 C4,7.59 7.59,4 12,4 C16.41,4 20,7.59 20,12 C20,16.41 16.41,20 12,20 Z M12,6 C9.79,6 8,7.79 8,10 L10,10 C10,8.9 10.9,8 12,8 C13.1,8 14,8.9 14,10 C14,12 11,11.75 11,15 L13,15 C13,12.75 16,12.5 16,10 C16,7.79 14.21,6 12,6 Z"&gt;&lt;/path&gt;&#xD;
&lt;/svg&gt;&#xD;
&#xD;
                    &lt;div id="helpMiniTitle" class="mini-title-help" style="display: none;"&gt;&#xD;
                        &lt;label class="option roboto-medium ng-scope" translate="ABOUT" ng-click="mobileRedirectHelp('about')" href="javascript:void(0)" role="link"&gt;About&lt;/label&gt;&#xD;
                        &lt;label class="option ng-scope" translate="AOS_VERSIONS" ng-click="mobileRedirectHelp('version')" href="javascript:void(0)" role="link"&gt;AOS Versions&lt;/label&gt;&#xD;
                        &lt;label class="option ng-scope" translate="CONFIG_TOOL" ng-click="openAdminClient()" href="javascript:void(0)" role="link"&gt;Management Console&lt;/label&gt;&#xD;
                    &lt;/div&gt;&#xD;
                &lt;/a&gt;&#xD;
            &lt;/li&gt;&#xD;
            &lt;li data-ng-mouseenter="enterCart()" data-ng-mouseleave="leaveCart()"&gt;&#xD;
                &lt;a id="shoppingCartLink" aria-label="ShoppingCart" class="img" href="#/shoppingCart" role="link"&gt;&#xD;
                    &lt;svg id="menuCart" version="1.1" xmlns="http://www.w3.org/2000/svg" xmlns:xlink="http://www.w3.org/1999/xlink" x="0px" y="0px" width="24px" height="24px" viewBox="0 0 24 24" enable-background="new 0 0 24 24" xml:space="preserve" icon-cart-svg=""&gt;&#xD;
    &lt;path fill="#313131" d="M9,20c-1.1,0-2,0.9-2,2c0,1.1,0.9,2,2,2c1.1,0,2-0.9,2-2C11,20.9,10.1,20,9,20z M19,20c-1.1,0-2,0.9-2,2&#xD;
        c0,1.1,0.9,2,2,2s2-0.9,2-2C21,20.9,20.1,20,19,20z M8.3,15h12.5L24,4H5.5L4.8,1H0v2h3.2l4,16H21v-2H8.8L8.3,15z M6,6h15.3l-2,7&#xD;
        H7.8L6,6z"&gt;&lt;/path&gt;&#xD;
&lt;/svg&gt;&#xD;
                    &lt;span class="cart ng-binding" ng-show="(cart | productsCartCount) &gt; 0" style=""&gt;1&lt;/span&gt;&#xD;
                &lt;/a&gt;&#xD;
                &lt;ul&gt;&#xD;
                    &lt;li style="position: relative; background-color: white"&gt;&#xD;
                        &lt;tool-tip-cart id="toolTipCart" style="display: block;"&gt;&lt;div&gt;&#xD;
    &lt;div ng-hide="cart.productsInCart.length &gt; 0" class="emptyCart ng-hide" data-ng-click="redirect('/shoppingCart')" style=""&gt;&#xD;
        &lt;label class="center items roboto-bold ng-binding"&gt; ITEMS&#xD;
            &lt;span class="roboto-regular"&gt;(0)&lt;/span&gt;&#xD;
        &lt;/label&gt;&#xD;
        &lt;label class="center roboto-medium ng-scope" translate="Your_shopping_cart_is_empty"&gt;Your shopping cart is empty&lt;/label&gt;&#xD;
    &lt;/div&gt;&#xD;
    &lt;table ng-show="cart.productsInCart.length &gt; 0" class="" style=""&gt;&#xD;
        &lt;tbody style="height: 104px; overflow-y: hidden;"&gt;&#xD;
            &lt;!-- ngRepeat: product in cart.productsInCart track by $index --&gt;&lt;tr ng-repeat="product in cart.productsInCart track by $index" id="product" data-ng-class="{ lastProduct : $last }" class="ng-scope lastProduct" style=""&gt;&#xD;
                &lt;td&gt;&#xD;
                    &lt;a href="#/product/8?color=C3C3C3&amp;amp;quantity=1&amp;amp;pageState=edit"&gt;&#xD;
                        &lt;img class="imageUrl" ng-src="/catalog/fetchImage?image_id=1800" alt="imgProduct" src="/catalog/fetchImage?image_id=1800"&gt;&#xD;
                    &lt;/a&gt;&#xD;
                &lt;/td&gt;&#xD;
                &lt;td&gt;&#xD;
                    &lt;a href="#/product/8?color=C3C3C3&amp;amp;quantity=1&amp;amp;pageState=edit"&gt;&#xD;
                        &lt;h3 class="ng-binding"&gt;HP ZBOOK 17 G2 MOBILE WORKS...&lt;/h3&gt;&#xD;
                        &lt;label class="ng-binding"&gt;QTY: 1&lt;/label&gt;&#xD;
                        &lt;label class="ng-binding"&gt;Color:&#xD;
                            &lt;span class="ng-binding"&gt;GRAY&lt;/span&gt;&#xD;
                        &lt;/label&gt;&#xD;
                    &lt;/a&gt;&#xD;
                &lt;/td&gt;&#xD;
                &lt;td&gt;&#xD;
                    &lt;p class="price roboto-regular ng-binding"&gt;$1,799.00&lt;/p&gt;&#xD;
                    &lt;div class="closeDiv" ng-click="removeProduct($index, $event)"&gt;&#xD;
                        &lt;div icon-x="" class="removeProduct iconCss iconX"&gt;&lt;/div&gt;&#xD;
                    &lt;/div&gt;&#xD;
                &lt;/td&gt;&#xD;
            &lt;/tr&gt;&lt;!-- end ngRepeat: product in cart.productsInCart track by $index --&gt;&#xD;
        &lt;/tbody&gt;&#xD;
        &lt;tfoot data-ng-click="redirect('/shoppingCart')"&gt;&#xD;
            &lt;tr&gt;&#xD;
                &lt;td colspan="2"&gt;&#xD;
                    &lt;span class="roboto-medium ng-binding"&gt;TOTAL&#xD;
                        &lt;label class="roboto-regular ng-binding"&gt;(1 Item)&lt;/label&gt;&#xD;
                    &lt;/span&gt;&#xD;
                &lt;/td&gt;&#xD;
                &lt;td&gt;&#xD;
                    &lt;span class="roboto-medium cart-total ng-binding"&gt;$1,799.00&lt;/span&gt;&#xD;
                &lt;/td&gt;&#xD;
            &lt;/tr&gt;&#xD;
            &lt;tr&gt;&#xD;
                &lt;td colspan="3"&gt;&#xD;
                    &lt;button id="checkOutPopUp" name="check_out_btn" role="button" class="roboto-medium ng-binding" data-ng-click="checkout($event)"&gt;CHECKOUT  ($1,799.00)&lt;/button&gt;&#xD;
                &lt;/td&gt;&#xD;
            &lt;/tr&gt;&#xD;
        &lt;/tfoot&gt;&#xD;
&#xD;
    &lt;/table&gt;&#xD;
&lt;/div&gt;&#xD;
&#xD;
&#xD;
&#xD;
&#xD;
&#xD;
&#xD;
&#xD;
&#xD;
&#xD;
&#xD;
&#xD;
&#xD;
&#xD;
&#xD;
&lt;/tool-tip-cart&gt;&#xD;
                    &lt;/li&gt;&#xD;
                &lt;/ul&gt;&#xD;
            &lt;/li&gt;&#xD;
            &lt;li&gt;&#xD;
                &lt;a id="menuUserLink" aria-label="UserMenu" href="javascript:void(0)" role="link" class="img" data-ng-click="login('loginMiniTitle')" data-ng-mouseenter="miniTitleIn('loginMiniTitle')" data-ng-mouseleave="miniTitleOut('loginMiniTitle')"&gt;&#xD;
                    &lt;span data-ng-show="userCookie.response" class="hi-user containMiniTitle ng-binding ng-hide"&gt;&lt;/span&gt;&lt;a id="hrefUserIcon" title="USER" icon-user-svg=""&gt;&#xD;
    &lt;svg id="menuUser" version="1.1" xmlns="http://www.w3.org/2000/svg" xmlns:xlink="http://www.w3.org/1999/xlink" x="0px" y="0px" width="24px" height="24px" viewBox="0 0 24 24" enable-background="new 0 0 24 24" xml:space="preserve"&gt;&#xD;
        &lt;path id="menuUserSVGPath" fill="#313131" d="M12,13.6c3.3,0,5.9-3.1,5.9-6.8C17.9,3.1,15.3,0,12,0C8.7,0,6.1,3.1,6.1,6.8C6.1,10.6,8.7,13.6,12,13.6z&#xD;
             M12,2.1c2.1,0,3.8,2.1,3.8,4.7c0,2.6-1.7,4.7-3.8,4.7c-2.1,0-3.8-2.1-3.8-4.7C8.2,4.2,9.9,2.1,12,2.1z M20,14.3&#xD;
            c-0.4-0.4-1.1-0.3-1.5,0.1c-0.4,0.4-0.3,1.1,0.1,1.5c0.6,0.5,1.1,1.8,1.1,2.4c0,1.4-0.3,2.3-0.8,2.8C18,22,16,22,13.3,21.9&#xD;
            c-0.9,0-1.8,0-2.7,0C8,22,6,22,5.1,21.1c-0.5-0.5-0.8-1.4-0.8-2.8c0-0.9,0.3-1.7,1-2.5c0.4-0.4,0.3-1.1-0.1-1.4&#xD;
            C4.7,14,4.1,14,3.7,14.5c-1,1.2-1.5,2.4-1.5,3.8c0,1.9,0.5,3.3,1.4,4.2c1.5,1.5,4,1.5,7.1,1.5c0.9,0,1.8,0,2.7,0&#xD;
            c0.4,0,0.8,0,1.2,0c2.5,0,4.6-0.2,5.9-1.5c0.9-0.9,1.4-2.3,1.4-4.2C21.8,17.2,21.1,15.3,20,14.3z"&gt;&lt;/path&gt;&#xD;
    &lt;/svg&gt;&#xD;
&lt;/a&gt;&#xD;
                    &lt;div class="mini-title" id="loginMiniTitle" style="display: none;"&gt;&#xD;
                        &lt;label class="option roboto-medium ng-scope" translate="My_account" ng-click="accountSection()" href="javascript:void(0)" role="link"&gt;My account&lt;/label&gt;&#xD;
                        &lt;label class="option ng-scope" translate="My_Orders" ng-click="mobileRedirect('MyOrders')" href="javascript:void(0)" role="link"&gt;My orders&lt;/label&gt;&#xD;
                        &lt;label class="option roboto-medium ng-scope" translate="Sign_out" ng-click="signOut($event)" href="javascript:void(0)" role="link"&gt;Sign out&lt;/label&gt;&#xD;
                    &lt;/div&gt;&#xD;
                &lt;/a&gt;&#xD;
            &lt;/li&gt;&#xD;
            &lt;li&gt;&#xD;
                &lt;a class="img"&gt;&#xD;
                    &lt;div id="searchSection" data-ng-mouseenter="allowClosing = false" data-ng-mouseleave="allowClosingLeave()" data-ng-click="closeSearchSection()" tool-tip-search=""&gt;&#xD;
&#xD;
    &lt;div id="input" data-ng-click="$event.stopPropagation()"&gt;&#xD;
        &lt;div id="search"&gt;&#xD;
            &lt;a title="SEARCH"&gt;&#xD;
                &lt;svg id="menuSearch" version="1.1" xmlns="http://www.w3.org/2000/svg" xmlns:xlink="http://www.w3.org/1999/xlink" x="0px" y="0px" width="24px" height="24px" viewBox="0 0 24 24" enable-background="new 0 0 24 24" xml:space="preserve" icon-search-svg="" data-ng-click="openSearchProducts()"&gt;&#xD;
&lt;path fill="#313131" d="M23.7,22l-6.8-5.6c0,0-0.1,0-0.1-0.1c3.1-3.8,2.9-9.4-0.6-12.9c-1.8-1.8-4.2-2.8-6.7-2.8&#xD;
	c-2.5,0-4.9,1-6.7,2.8c-3.7,3.7-3.7,9.8,0,13.6c1.8,1.8,4.2,2.8,6.7,2.8c2.3,0,4.4-0.8,6.1-2.2c0,0,0,0.1,0.1,0.1l6.8,5.6&#xD;
	c0.2,0.2,0.4,0.3,0.6,0.3c0.2,0,0.4-0.1,0.6-0.3C24.1,22.9,24.1,22.3,23.7,22z M9.5,17.9c-2.1,0-4-0.8-5.5-2.3c-3-3.1-3-8,0-11.1&#xD;
	c1.5-1.5,3.4-2.3,5.5-2.3c2.1,0,4,0.8,5.5,2.3c3,3.1,3,8,0,11.1C13.5,17.1,11.6,17.9,9.5,17.9z"&gt;&lt;/path&gt;&#xD;
&lt;/svg&gt;&#xD;
            &lt;/a&gt;&#xD;
            &lt;div class="autoCompleteCover" style="width: 0px; opacity: 0.5; margin: 0px;"&gt;&#xD;
                &lt;input id="autoComplete" type="text" class="roboto-regular ng-pristine ng-untouched ng-valid" placeholder="Search AdvantageOnlineShopping.com" data-ng-keypress="checkEnterKey($event)" data-ng-model="autoCompleteValue" data-ng-keyup="runAutocomplete()"&gt;&#xD;
&#xD;
                &lt;div data-ng-click="closeSearchForce()" style="position: absolute; right: 0; top:0"&gt;&#xD;
                    &lt;img src="../../css/images/closeDark.png" style="width:20px; height:20px; padding: 12px 0"&gt;&#xD;
                &lt;/div&gt;&#xD;
&#xD;
            &lt;/div&gt;&#xD;
        &lt;/div&gt;&#xD;
    &lt;/div&gt;&#xD;
&#xD;
&#xD;
&#xD;
&#xD;
    &lt;div id="output" data-ng-show="autoCompleteResult.length &gt; 0" class="ng-hide"&gt;&#xD;
        &lt;div class="searchPopUp" data-ng-click="$event.stopPropagation()"&gt;&#xD;
            &lt;div class="categories"&gt;&#xD;
                &lt;h3 class="roboto-medium ng-scope" translate="CATEGORIES" data-ng-mouseenter="searchByCategoryId(null, '')"&gt;CATEGORIES&lt;/h3&gt;&#xD;
                &lt;!-- ngRepeat: result in autoCompleteResult --&gt;&#xD;
            &lt;/div&gt;&#xD;
            &lt;div class="top6Products"&gt;&#xD;
                &lt;h3 class="roboto-medium ng-binding"&gt;TOP RESULTS FOR: ""&#xD;
                    &lt;p style="font-size: 11px !important; font-weight: 300 !important;" class="ng-binding"&gt;  &lt;/p&gt;&#xD;
                &lt;/h3&gt;&#xD;
                &lt;a href="#/search/?viewAll=" translate="View_All" class="roboto-medium viewAll ng-scope"&gt;View All&lt;/a&gt;&#xD;
                &lt;!-- ngRepeat: product in [] | filterFullArrayforAutoComplate:autoCompleteResult:categoryFilter --&gt;&#xD;
            &lt;/div&gt;&#xD;
        &lt;/div&gt;&#xD;
&#xD;
&#xD;
    &lt;/div&gt;&#xD;
&#xD;
&#xD;
&lt;/div&gt;&#xD;
                &lt;/a&gt;&#xD;
            &lt;/li&gt;&#xD;
            &lt;li class="nav-li-Links"&gt;&#xD;
                &lt;a href="javascript:void(0)" role="link" ng-click="gotoElement('contact_us')" class="menu navLinks roboto-regular ng-scope" translate="CONTACT_US" style="display: none; opacity: 1;"&gt;CONTACT US&lt;/a&gt;&#xD;
            &lt;/li&gt;&#xD;
            &lt;li class="nav-li-Links"&gt;&#xD;
                &lt;a href="javascript:void(0)" role="link" class="menu navLinks roboto-regular ng-scope" ng-click="gotoElement('popular_items')" translate="POPULAR_ITEMS" style="display: none; opacity: 1;"&gt;POPULAR ITEMS&lt;/a&gt;&#xD;
            &lt;/li&gt;&#xD;
            &lt;li class="nav-li-Links"&gt;&#xD;
                &lt;a href="javascript:void(0)" role="link" class="menu navLinks roboto-regular ng-scope" ng-click="gotoElement('special_offer_items')" translate="SPACIAL_OFFER" style="display: none; opacity: 1;"&gt;SPECIAL OFFER&lt;/a&gt;&#xD;
            &lt;/li&gt;&#xD;
            &lt;li class="nav-li-Links"&gt;&#xD;
                &lt;a href="javascript:void(0)" role="link" class="menu navLinks roboto-regular ng-scope" ng-click="gotoElement('our_products')" translate="OUR_PRODUCTS" style="display: none; opacity: 1;"&gt;OUR PRODUCTS&lt;/a&gt;&#xD;
            &lt;/li&gt;&#xD;
&#xD;
        &lt;/ul&gt;&#xD;
        &lt;div class="logo"&gt;&#xD;
            &lt;a href="#/" role="link" ng-click="go_up()"&gt;&#xD;
                &lt;!--&lt;img src="css/images/logo.png"/&gt;--&gt;&#xD;
                &lt;svg version="1.1" id="Layer_1" xmlns="http://www.w3.org/2000/svg" xmlns:xlink="http://www.w3.org/1999/xlink" x="0px" y="0px" width="45px" height="45px" viewBox="0 0 30 45" enable-background="new 0 0 45 45" xml:space="preserve"&gt;&#xD;
                    &lt;path fill="#54B3AD" d="M21,33h-6c-1.1,0-2-1.1-2-2.2V7h2.9c0.7,0,1.3,0.4,1.6,1.1l12.9,35.2c0.4,1,1.6,1.6,2.6,1.6h5L22,1.8&#xD;
                        C21.6,0.7,21.1,0,20,0H6v34.1c0,3.3,1.4,5.9,5,5.9h14l-1.3-5.6C23.4,33.4,22,33,21,33z"&gt;&lt;/path&gt;&#xD;
                &lt;/svg&gt;&#xD;
                &lt;span class="roboto-medium ng-binding"&gt;dvantage&lt;/span&gt;&#xD;
                &lt;span class="logoDemo roboto-light ng-binding"&gt;DEMO&lt;/span&gt;&#xD;
            &lt;/a&gt;&#xD;
&#xD;
            &lt;div id="mobile-btn" class="mobile-btn-handler" ng-click="openMobileSection()"&gt;&#xD;
                &lt;span&gt;&lt;/span&gt;&lt;span&gt;&lt;/span&gt;&lt;span&gt;&lt;/span&gt;&#xD;
            &lt;/div&gt;&#xD;
        &lt;/div&gt;&#xD;
    &lt;/nav&gt;&#xD;
    &lt;div id="toast-container" ng-class="[config.position, config.animation]" toaster-options="{'time-out': 5000, }" class="toast-top-right"&gt;&lt;!-- ngRepeat: toaster in toasters --&gt;&lt;/div&gt;&#xD;
&lt;/header&gt;&#xD;
&#xD;
&lt;!-- end navigation " ng-show="cartCount != 0 --&gt;&#xD;
&#xD;
&lt;!-- uiView:  --&gt;&lt;div class="uiview ng-scope" ui-view="" style=""&gt;&#xD;
&lt;section class="ng-scope"&gt;&#xD;
    &lt;article class="sp"&gt;&#xD;
&#xD;
        &lt;nav class="pages fixedImportant" style="top:65px"&gt;&#xD;
            &lt;a translate="HOME" href="#/" class="ng-scope"&gt;HOME&lt;/a&gt;&#xD;
            &lt;a class="select  ng-binding"&gt; SHOPPING CART&lt;/a&gt;&#xD;
        &lt;/nav&gt;&#xD;
&#xD;
        &lt;h3 class="roboto-regular center sticky fixedImportant ng-binding"&gt;&#xD;
            SHOPPING CART &lt;span ng-show="cart.productsInCart.length &gt; 0" class="ng-binding"&gt;(1)&lt;/span&gt;&#xD;
        &lt;/h3&gt;&#xD;
&#xD;
        &lt;div id="shoppingCart"&gt;&#xD;
            &lt;table class="fixedTableEdgeCompatibility" ng-show="cart.productsInCart.length &gt; 0"&gt;&#xD;
                &lt;thead&gt;&#xD;
                &lt;tr&gt;&#xD;
                    &lt;th class="imgHeader"&gt;&#xD;
                    &lt;/th&gt;&#xD;
                    &lt;th&gt;&#xD;
                        &lt;label class="roboto-light ng-scope" translate="PRODUCT_NAME"&gt;PRODUCT NAME&lt;/label&gt;&#xD;
                    &lt;/th&gt;&#xD;
                    &lt;th class="smollCell ng-hide" data-ng-show="enableWarranty"&gt;&#xD;
                        &lt;label class="roboto-light ng-scope" translate="WARRANTY"&gt;WARRANTY&lt;/label&gt;&#xD;
                    &lt;/th&gt;&#xD;
                    &lt;th class="smollCell"&gt;&#xD;
                        &lt;label class="roboto-light ng-scope" translate="COLOR"&gt;COLOR&lt;/label&gt;&#xD;
                    &lt;/th&gt;&#xD;
                    &lt;th class="smollCell quantity"&gt;&#xD;
                        &lt;label class="roboto-light ng-scope" translate="QUANTITY"&gt;QUANTITY&lt;/label&gt;&#xD;
                    &lt;/th&gt;&#xD;
                    &lt;th class="smollCell"&gt;&#xD;
                        &lt;label class="roboto-light ng-scope" translate="PRICE"&gt;PRICE&lt;/label&gt;&#xD;
                    &lt;/th&gt;&#xD;
                &lt;/tr&gt;&#xD;
                &lt;/thead&gt;&#xD;
                &lt;tbody&gt;&#xD;
                &lt;!-- ngRepeat: product in cart.productsInCart track by $index --&gt;&lt;tr ng-repeat="product in cart.productsInCart track by $index" class="ng-scope"&gt;&#xD;
                    &lt;td&gt;&#xD;
                        &lt;img class="imageUrl" ng-src="/catalog/fetchImage?image_id=1800" alt="imgProduct" src="/catalog/fetchImage?image_id=1800"&gt;&#xD;
                    &lt;/td&gt;&#xD;
                    &lt;td&gt;&#xD;
                        &lt;label class="roboto-regular productName ng-binding"&gt;HP ZBOOK 17 G2 MOBILE WORKSTATION&lt;/label&gt;&#xD;
                    &lt;/td&gt;&#xD;
                    &lt;td class="smollCell quantityMobile ng-hide" data-ng-show="enableWarranty"&gt;&#xD;
                        &lt;label class="roboto-light mobileViewer ng-scope" translate="WARRANTY"&gt;WARRANTY&lt;/label&gt;&#xD;
                        &lt;input style="z-index: 999;position: static;" name="purchase_warranty" disabled="" ng-checked="product.hasWarranty" type="checkbox"&gt;&#xD;
&#xD;
                    &lt;/td&gt;&#xD;
                    &lt;td class="smollCell"&gt;&#xD;
                        &lt;label class="roboto-light mobileViewer ng-binding"&gt;&#xD;
                            COLOR:&#xD;
                        &lt;/label&gt;&#xD;
                        &lt;span title="GRAY" ng-style="product.color.code != 'FFFFFF' ? {'backgroundColor': '#' + product.color.code, 'border': 'none 0px white'} : { 'backgroundColor': '#' + product.color.code }" class="productColor" style="background-color: rgb(195, 195, 195); border: 0px none white;"&gt;&lt;/span&gt;&#xD;
                    &lt;/td&gt;&#xD;
                    &lt;td class="smollCell quantityMobile"&gt;&#xD;
                        &lt;label class="roboto-light mobileViewer ng-scope" translate="QUANTITY"&gt;QUANTITY&lt;/label&gt;&#xD;
                        &lt;label class="ng-binding"&gt;1&lt;/label&gt;&#xD;
                    &lt;/td&gt;&#xD;
                    &lt;td class="smollCell"&gt;&#xD;
                        &lt;label class="roboto-light mobileViewer ng-binding"&gt;&#xD;
                            PRICE:&#xD;
                        &lt;/label&gt;&#xD;
                        &lt;p class="price roboto-regular ng-binding"&gt;&#xD;
                            $1,799.00&#xD;
                        &lt;/p&gt;&#xD;
                        &lt;span class="actions"&gt;&#xD;
                            &lt;a class="edit ng-scope" href="#/product/8?color=C3C3C3&amp;amp;quantity=1&amp;amp;pageState=edit&amp;amp;warranty=" translate="EDIT"&gt;EDIT&lt;/a&gt;&#xD;
                            &lt;a class="separator"&gt;|&lt;/a&gt;&#xD;
                            &lt;a class="remove red ng-scope" data-ng-click="removeProduct($index)" translate="REMOVE"&gt;REMOVE&lt;/a&gt;&#xD;
                        &lt;/span&gt;&#xD;
                    &lt;/td&gt;&#xD;
                &lt;/tr&gt;&lt;!-- end ngRepeat: product in cart.productsInCart track by $index --&gt;&#xD;
                &lt;/tbody&gt;&#xD;
                &lt;tfoot&gt;&#xD;
                &lt;tr&gt;&#xD;
                    &lt;td colspan="3" class="icons"&gt;&#xD;
                        &lt;label class="ng-binding"&gt;PAYMENT OPTIONS: &lt;/label&gt;&#xD;
                        &lt;ul&gt;&#xD;
                            &lt;li&gt;&#xD;
                                &lt;img src="../../css/images/Master_credit.png"&gt;&#xD;
                            &lt;/li&gt;&#xD;
                            &lt;li style="width: 80px"&gt;&#xD;
                                &lt;img src="../../css/images/SafePay.png"&gt;&#xD;
                            &lt;/li&gt;&#xD;
                        &lt;/ul&gt;&#xD;
                    &lt;/td&gt;&#xD;
                    &lt;td colspan="2"&gt;&#xD;
                        &lt;span class="roboto-light ng-binding"&gt;TOTAL:&lt;/span&gt;&#xD;
                        &lt;span class="roboto-medium ng-binding"&gt;$1,799.00&lt;/span&gt;&#xD;
                    &lt;/td&gt;&#xD;
                &lt;/tr&gt;&#xD;
                &lt;tr&gt;&#xD;
                    &lt;td colspan="5"&gt;&#xD;
                        &lt;button role="button" class="roboto-medium tami uft-class ng-binding" data-ng-click="checkout()" id="checkOutButton" name="check_out_btn"&gt;CHECKOUT ($1,799.00)&lt;/button&gt;&#xD;
                    &lt;/td&gt;&#xD;
                &lt;/tr&gt;&#xD;
                &lt;/tfoot&gt;&#xD;
            &lt;/table&gt;&#xD;
            &lt;div ng-hide="cart.productsInCart.length &gt; 0" class="bigEmptyCart center ng-hide"&gt;&#xD;
                &lt;label class="roboto-bold ng-scope" translate="Your_shopping_cart_is_empty"&gt;Your shopping cart is empty&lt;/label&gt;&#xD;
                &lt;a href="#/" role="link" class="a-button ng-scope" translate="CONTINUE_SHOPPING"&gt;CONTINUE SHOPPING&lt;/a&gt;&#xD;
            &lt;/div&gt;&#xD;
        &lt;/div&gt;&#xD;
&#xD;
        &lt;div id="mobileShoppingCart"&gt;&#xD;
            &lt;tool-tip-cart id="toolTipCart" style="display: block !important;"&gt;&lt;div&gt;&#xD;
    &lt;div ng-hide="cart.productsInCart.length &gt; 0" class="emptyCart ng-hide" data-ng-click="redirect('/shoppingCart')"&gt;&#xD;
        &lt;label class="center items roboto-bold ng-binding"&gt; ITEMS&#xD;
            &lt;span class="roboto-regular"&gt;(0)&lt;/span&gt;&#xD;
        &lt;/label&gt;&#xD;
        &lt;label class="center roboto-medium ng-scope" translate="Your_shopping_cart_is_empty"&gt;Your shopping cart is empty&lt;/label&gt;&#xD;
    &lt;/div&gt;&#xD;
    &lt;table ng-show="cart.productsInCart.length &gt; 0" class=""&gt;&#xD;
        &lt;tbody&gt;&#xD;
            &lt;!-- ngRepeat: product in cart.productsInCart track by $index --&gt;&lt;tr ng-repeat="product in cart.productsInCart track by $index" id="product" data-ng-class="{ lastProduct : $last }" class="ng-scope lastProduct"&gt;&#xD;
                &lt;td&gt;&#xD;
                    &lt;a href="#/product/8?color=C3C3C3&amp;amp;quantity=1&amp;amp;pageState=edit"&gt;&#xD;
                        &lt;img class="imageUrl" ng-src="/catalog/fetchImage?image_id=1800" alt="imgProduct" src="/catalog/fetchImage?image_id=1800"&gt;&#xD;
                    &lt;/a&gt;&#xD;
                &lt;/td&gt;&#xD;
                &lt;td&gt;&#xD;
                    &lt;a href="#/product/8?color=C3C3C3&amp;amp;quantity=1&amp;amp;pageState=edit"&gt;&#xD;
                        &lt;h3 class="ng-binding"&gt;HP ZBOOK 17 G2 MOBILE WORKS...&lt;/h3&gt;&#xD;
                        &lt;label class="ng-binding"&gt;QTY: 1&lt;/label&gt;&#xD;
                        &lt;label class="ng-binding"&gt;Color:&#xD;
                            &lt;span class="ng-binding"&gt;GRAY&lt;/span&gt;&#xD;
                        &lt;/label&gt;&#xD;
                    &lt;/a&gt;&#xD;
                &lt;/td&gt;&#xD;
                &lt;td&gt;&#xD;
                    &lt;p class="price roboto-regular ng-binding"&gt;$1,799.00&lt;/p&gt;&#xD;
                    &lt;div class="closeDiv" ng-click="removeProduct($index, $event)"&gt;&#xD;
                        &lt;div icon-x="" class="removeProduct iconCss iconX"&gt;&lt;/div&gt;&#xD;
                    &lt;/div&gt;&#xD;
                &lt;/td&gt;&#xD;
            &lt;/tr&gt;&lt;!-- end ngRepeat: product in cart.productsInCart track by $index --&gt;&#xD;
        &lt;/tbody&gt;&#xD;
        &lt;tfoot data-ng-click="redirect('/shoppingCart')"&gt;&#xD;
            &lt;tr&gt;&#xD;
                &lt;td colspan="2"&gt;&#xD;
                    &lt;span class="roboto-medium ng-binding"&gt;TOTAL&#xD;
                        &lt;label class="roboto-regular ng-binding"&gt;(1 Item)&lt;/label&gt;&#xD;
                    &lt;/span&gt;&#xD;
                &lt;/td&gt;&#xD;
                &lt;td&gt;&#xD;
                    &lt;span class="roboto-medium cart-total ng-binding"&gt;$1,799.00&lt;/span&gt;&#xD;
                &lt;/td&gt;&#xD;
            &lt;/tr&gt;&#xD;
            &lt;tr&gt;&#xD;
                &lt;td colspan="3"&gt;&#xD;
                    &lt;button id="checkOutPopUp" name="check_out_btn" role="button" class="roboto-medium ng-binding" data-ng-click="checkout($event)"&gt;CHECKOUT  ($1,799.00)&lt;/button&gt;&#xD;
                &lt;/td&gt;&#xD;
            &lt;/tr&gt;&#xD;
        &lt;/tfoot&gt;&#xD;
&#xD;
    &lt;/table&gt;&#xD;
&lt;/div&gt;&#xD;
&#xD;
&#xD;
&#xD;
&#xD;
&#xD;
&#xD;
&#xD;
&#xD;
&#xD;
&#xD;
&#xD;
&#xD;
&#xD;
&#xD;
&lt;/tool-tip-cart&gt;&#xD;
        &lt;/div&gt;&#xD;
&#xD;
    &lt;/article&gt;&#xD;
&lt;/section&gt;&#xD;
&#xD;
&lt;footer class="ng-scope"&gt;&#xD;
    &lt;div&gt;&#xD;
        &lt;!-- FOLLOW US --&gt;&#xD;
        &lt;h3 class="roboto-regular center ng-scope" translate="FOLLOW_US"&gt;FOLLOW US&lt;/h3&gt;&#xD;
        &lt;div id="follow" class="center"&gt;&#xD;
            &lt;a target="_blank" href=" https://www.facebook.com/MicroFocus/"&gt;&#xD;
                &lt;img name="follow_facebook" src="css/images/facebook.png" alt="icon" data-ng-click="linkTo('')"&gt;&#xD;
            &lt;/a&gt;&#xD;
            &lt;a target="_blank" href="https://twitter.com/MicroFocus"&gt;&#xD;
                &lt;img name="follow_twitter" src="css/images/twitter.png" alt="icon"&gt;&#xD;
            &lt;/a&gt;&#xD;
            &lt;a target="_blank" href="https://www.linkedin.com/company/1024?trk=tyah&amp;amp;trkInfo=clickedVertical%3Ashowcase%2CclickedEntityId%3A1024%2Cidx%3A2-1-2%2CtarId%3A145431482.327%2Ctas%3Ahewlett%20packard%20enterprise%20software"&gt;&#xD;
                &lt;img name="follow_linkedin" src="css/images/linkedin.png" alt="icon"&gt;&#xD;
            &lt;/a&gt;&#xD;
        &lt;/div&gt;&#xD;
        &lt;label&gt; © Advantage Inc, 2024. Release 3.3 &lt;/label&gt;&#xD;
    &lt;/div&gt;&#xD;
&lt;/footer&gt;&#xD;
&#xD;
&#xD;
&lt;/div&gt;&#xD;
&#xD;
&lt;div virtual-footer="" id="virtualFooter" style="display: block; position: relative; height: 379px; width: 100%;"&gt;&lt;/div&gt;&#xD;
&#xD;
&#xD;
&lt;script type="text/javascript" data-main="main.min" src="vendor/requirejs/require.js"&gt;&lt;/script&gt;&#xD;
&#xD;
&lt;div id="toast"&gt;&#xD;
    &lt;a&gt;Product Added Successfully&lt;/a&gt;&#xD;
&lt;/div&gt;&#xD;
&#xD;
&#xD;
&lt;/body&gt;&lt;/html&gt;&#xD;
找到 2 个商品行</StdOut>
      </Output>
    </UnitTestResult>
    <UnitTestResult executionId="d07100b3-520f-4a36-836b-4e7330a260ee" testId="0804ee53-4d46-a6c8-31d6-44434b98002d" testName="添加平板电脑到购物车并验证" computerName="LAPTOP-O0TPN0MB" duration="00:00:04.1647169" startTime="2025-07-25T23:03:06.6571464+08:00" endTime="2025-07-25T23:03:10.8218630+08:00" testType="13cdc9d9-ddb5-4fa4-a97d-d965ccfc6d4b" outcome="Passed" testListId="8c84fa94-04c1-424b-9868-57a2d4851a1d" relativeResultsDirectory="d07100b3-520f-4a36-836b-4e7330a260ee">
      <Output>
        <StdOut>&lt;html lang="en"&gt;&lt;head&gt;&lt;style type="text/css"&gt;@charset "UTF-8";[ng\:cloak],[ng-cloak],[data-ng-cloak],[x-ng-cloak],.ng-cloak,.x-ng-cloak,.ng-hide:not(.ng-hide-animate){display:none !important;}ng\:form{display:block;}.ng-animate-shim{visibility:hidden;}.ng-anchor{position:absolute;}&lt;/style&gt;&#xD;
    &lt;meta charset="utf-8"&gt;&#xD;
    &lt;meta http-equiv="X-UA-Compatible" content="IE=edge"&gt;&#xD;
    &lt;meta name="viewport" content="width=device-width, initial-scale=1"&gt;&#xD;
    &lt;meta name="description" content=""&gt;&#xD;
    &lt;meta name="author" content=""&gt;&#xD;
    &lt;link rel="shortcut icon" href="css/images/favicon.ico"&gt;&#xD;
    &lt;meta name="viewport" content="width=device-width,  initial-scale=1.0, minimum-scale=1.0, maximum-scale=1.0"&gt;&#xD;
    &lt;title&gt;&amp;nbsp;Advantage Shopping&lt;/title&gt;&#xD;
    &lt;link rel="stylesheet" href="css/main.min.css"&gt;&#xD;
    &lt;!--&lt;script&gt;--&gt;&#xD;
        &lt;!--(function(i,s,o,g,r,a,m){i['GoogleAnalyticsObject']=r;i[r]=i[r]||function(){(i[r].q=i[r].q||[]).push(arguments)},i[r].l=1*new Date();a=s.createElement(o),--&gt;&#xD;
                &lt;!--m=s.getElementsByTagName(o)[0];a.async=1;a.src=g;m.parentNode.insertBefore(a,m)})(window,document,'script','https://www.google-analytics.com/analytics.js','ga');--&gt;&#xD;
        &lt;!--ga('create', 'UA-81334227-1', 'auto');ga('send', 'pageview');--&gt;&#xD;
    &lt;!--&lt;/script&gt;--&gt;&#xD;
    &lt;script async="" src="//www.google-analytics.com/analytics.js"&gt;&lt;/script&gt;&lt;script async="" src="https://www.googletagmanager.com/gtag/js?id=G-TBPYED8WSW" style="color: rgb(0, 0, 0);"&gt;&lt;/script&gt;&#xD;
    &lt;script&gt;&#xD;
        window.dataLayer = window.dataLayer || [];&#xD;
        function gtag(){dataLayer.push(arguments);}&#xD;
        gtag('js', new Date());&#xD;
&#xD;
        gtag('config', 'G-TBPYED8WSW');&#xD;
    &lt;/script&gt;&#xD;
&lt;script type="text/javascript" charset="utf-8" async="" data-requirecontext="_" data-requiremodule="main.min" src="./main.min.js"&gt;&lt;/script&gt;&lt;/head&gt;&#xD;
&#xD;
&lt;body data-ng-controller="mainCtrl as mainCtrl" class="ng-scope"&gt;&#xD;
&lt;!--&lt;div id="team" data-ng-click="mainCtrl.closeImgTeam()"&gt;--&gt;&#xD;
    &lt;!--&lt;div class="container"&gt;--&gt;&#xD;
        &lt;!--&lt;div class="img"&gt;--&gt;&#xD;
            &lt;!--&lt;div id="teamIdToAnimate" class="animated"&gt;--&gt;&#xD;
                &lt;!--&lt;img src="../../css/images/Advantage_online_shopping_team.jpg" alt="team"&gt;--&gt;&#xD;
            &lt;!--&lt;/div&gt;--&gt;&#xD;
        &lt;!--&lt;/div&gt;--&gt;&#xD;
    &lt;!--&lt;/div&gt;--&gt;&#xD;
&lt;!--&lt;/div&gt;--&gt;&#xD;
&#xD;
&lt;div class="waitBackground_2"&gt;&#xD;
    &lt;div&gt;&#xD;
        &lt;!--&#xD;
        &lt;svg version="1.1" id="Layer_1"&#xD;
             xmlns="http://www.w3.org/2000/svg"&#xD;
             xmlns:xlink="http://www.w3.org/1999/xlink"&#xD;
             x="0px" y="0px"&#xD;
             width="250px" height="250px" viewBox="0 0 30 45" enable-background="new 0 0 45 45" xml:space="preserve"&gt;&#xD;
                &lt;path fill="#54B3AD" d="M21,33h-6c-1.1,0-2-1.1-2-2.2V7h2.9c0.7,0,1.3,0.4,1.6,1.1l12.9,35.2c0.4,1,1.6,1.6,2.6,1.6h5L22,1.8&#xD;
                    C21.6,0.7,21.1,0,20,0H6v34.1c0,3.3,1.4,5.9,5,5.9h14l-1.3-5.6C23.4,33.4,22,33,21,33z"/&gt;&#xD;
        &lt;/svg&gt;--&gt;&#xD;
    &lt;/div&gt;&#xD;
&lt;/div&gt;&#xD;
&#xD;
&lt;div class="loader" style="opacity: 0; display: none;"&gt;&#xD;
    &lt;div&gt;&#xD;
        &lt;svg width="50" height="50" viewBox="0 0 50 50" xmlns="http://www.w3.org/2000/svg"&gt;&#xD;
            &lt;defs&gt;&#xD;
                &lt;linearGradient x1="8.042%" y1="0%" x2="65.682%" y2="23.865%" id="a"&gt;&#xD;
                    &lt;stop stop-color="#54B3AD" stop-opacity="0" offset="0%"&gt;&lt;/stop&gt;&#xD;
                    &lt;stop stop-color="#54B3AD" stop-opacity=".631" offset="63.146%"&gt;&lt;/stop&gt;&#xD;
                    &lt;stop stop-color="#54B3AD" offset="100%"&gt;&lt;/stop&gt;&#xD;
                &lt;/linearGradient&gt;&#xD;
            &lt;/defs&gt;&#xD;
            &lt;g fill="none" fill-rule="evenodd"&gt;&#xD;
                &lt;g transform="translate(1 1)"&gt;&#xD;
                    &lt;path d="M36 18c0-9.94-8.06-18-18-18" id="Oval-2" stroke="url(#a)" stroke-width="2"&gt;&#xD;
                        &lt;animateTransform attributeName="transform" type="rotate" from="0 18 18" to="360 18 18" dur="0.9s" repeatCount="indefinite"&gt;&lt;/animateTransform&gt;&#xD;
                    &lt;/path&gt;&#xD;
                    &lt;circle fill="#54B3AD" cx="36" cy="18" r="1"&gt;&#xD;
                        &lt;animateTransform attributeName="transform" type="rotate" from="0 18 18" to="360 18 18" dur="0.9s" repeatCount="indefinite"&gt;&lt;/animateTransform&gt;&#xD;
                    &lt;/circle&gt;&#xD;
                &lt;/g&gt;&#xD;
            &lt;/g&gt;&#xD;
        &lt;/svg&gt;&#xD;
    &lt;/div&gt;&#xD;
&lt;/div&gt;&#xD;
&#xD;
&lt;login-modal&gt;&lt;div class="PopUp"&gt;&#xD;
    &lt;div&gt;&#xD;
&#xD;
        &lt;div class="loader" style="opacity: 0; display: none;"&gt;&#xD;
            &lt;div&gt;&#xD;
                &lt;svg width="50" height="50" viewBox="0 0 50 50" xmlns="http://www.w3.org/2000/svg"&gt;&#xD;
                    &lt;defs&gt;&#xD;
                        &lt;linearGradient x1="8.042%" y1="0%" x2="65.682%" y2="23.865%" id="a"&gt;&#xD;
                            &lt;stop stop-color="#54B3AD" stop-opacity="0" offset="0%"&gt;&lt;/stop&gt;&#xD;
                            &lt;stop stop-color="#54B3AD" stop-opacity=".631" offset="63.146%"&gt;&lt;/stop&gt;&#xD;
                            &lt;stop stop-color="#54B3AD" offset="100%"&gt;&lt;/stop&gt;&#xD;
                        &lt;/linearGradient&gt;&#xD;
                    &lt;/defs&gt;&#xD;
                    &lt;g fill="none" fill-rule="evenodd"&gt;&#xD;
                        &lt;g transform="translate(1 1)"&gt;&#xD;
                            &lt;path d="M36 18c0-9.94-8.06-18-18-18" id="Oval-2" stroke="url(#a)" stroke-width="2"&gt;&#xD;
                                &lt;animateTransform attributeName="transform" type="rotate" from="0 18 18" to="360 18 18" dur="0.9s" repeatCount="indefinite"&gt;&lt;/animateTransform&gt;&#xD;
                            &lt;/path&gt;&#xD;
                            &lt;circle fill="#54B3AD" cx="36" cy="18" r="1"&gt;&#xD;
                                &lt;animateTransform attributeName="transform" type="rotate" from="0 18 18" to="360 18 18" dur="0.9s" repeatCount="indefinite"&gt;&lt;/animateTransform&gt;&#xD;
                            &lt;/circle&gt;&#xD;
                        &lt;/g&gt;&#xD;
                    &lt;/g&gt;&#xD;
                &lt;/svg&gt;&#xD;
            &lt;/div&gt;&#xD;
        &lt;/div&gt;&#xD;
&#xD;
        &lt;div class="closeBtn loginPopUpCloseBtn"&gt;&lt;/div&gt;&#xD;
&#xD;
        &lt;div class="login ng-scope" ng-controller="userController"&gt;&#xD;
&#xD;
            &lt;img src="../../css/images/logo.png"&gt;&#xD;
&#xD;
            &lt;span class="facebook ng-scope" translate="FACEBOOK_SIGN_IN" data-ng-click="singWithFacebook()"&gt;SIGN IN WITH FACEBOOK&lt;/span&gt;&#xD;
            &lt;label id="signInResultMessage" class="or  center"&gt;OR&lt;/label&gt;&#xD;
&#xD;
            &lt;sec-form class="ng-isolate-scope secForm"&gt;&#xD;
&#xD;
                &lt;sec-view a-hint="Username" a-do-not-show-info="true" a-star="false" sec-model="loginUser.loginUser" sec-require="mainCtrl.getRequire('User_name')" sec-name="username" class="ng-isolate-scope sec-view"&gt;&#xD;
                &lt;div class="inputContainer ng-scope"&gt;&lt;div class="hidden"&gt;Username&lt;/div&gt;&lt;input name="username" type="text" data-ng-model="secModel" class="ng-pristine ng-untouched ng-valid ng-scope"&gt;&lt;label data-ng-click="labelClicked()" data-ng-mouseout="labelOut()"&gt;Username&lt;/label&gt;&lt;/div&gt;&lt;ul&gt;&lt;li style="display: block; position: absolute; height: 0"&gt;&lt;a&gt;&lt;/a&gt;&lt;/li&gt;&lt;/ul&gt;&lt;/sec-view&gt;&#xD;
&#xD;
                &lt;sec-view a-hint="Password" a-do-not-show-info="true" a-star="false" a-type="password" sec-model="loginUser.loginPassword" sec-require="mainCtrl.getRequire('Password')" sec-name="password" class="ng-isolate-scope sec-view"&gt;&#xD;
                &lt;div class="inputContainer ng-scope"&gt;&lt;div class="hidden"&gt;Password&lt;/div&gt;&lt;input name="password" type="password" data-ng-model="secModel" class="ng-pristine ng-untouched ng-valid ng-scope"&gt;&lt;label data-ng-click="labelClicked()" data-ng-mouseout="labelOut()"&gt;Password&lt;/label&gt;&lt;/div&gt;&lt;ul&gt;&lt;li style="display: block; position: absolute; height: 0"&gt;&lt;a&gt;&lt;/a&gt;&lt;/li&gt;&lt;/ul&gt;&lt;/sec-view&gt;&#xD;
&#xD;
                &lt;sec-view a-hint="Email" a-do-not-show-info="true" a-star="false" ng-show="mainCtrl.config.emailAddressInLogin" sec-disable-validation="!mainCtrl.config.emailAddressInLogin" sec-model="loginUser.email" sec-name="email" class="ng-isolate-scope sec-view ng-hide"&gt;&#xD;
                &lt;div class="inputContainer ng-scope"&gt;&lt;div class="hidden"&gt;Email&lt;/div&gt;&lt;input name="email" type="text" data-ng-model="secModel" class="ng-pristine ng-untouched ng-valid ng-scope"&gt;&lt;label data-ng-click="labelClicked()" data-ng-mouseout="labelOut()"&gt;Email&lt;/label&gt;&lt;/div&gt;&lt;ul&gt;&lt;/ul&gt;&lt;/sec-view&gt;&#xD;
&#xD;
&#xD;
                &lt;div class="left option " style="top: 20px"&gt;&#xD;
                    &lt;input name="remember_me" type="checkbox" ng-model="mainCtrl.rememberMe" class="ng-pristine ng-untouched ng-valid"&gt;&#xD;
                    &lt;span translate="REMEMBER_ME" class="ng-scope"&gt;REMEMBER ME&lt;/span&gt;&#xD;
                &lt;/div&gt;&#xD;
&#xD;
                &lt;sec-sender class="roboto-medium ng-isolate-scope sec-sender" a-value="SIGN IN" sec-send="signIn(loginUser, mainCtrl.rememberMe)"&gt;&lt;button id="sign_in_btn" type="button" class="sec-sender-a ng-scope invalid" role="button" data-ng-click="senderCtrl.send()" disabled=""&gt;SIGN IN&lt;/button&gt;&lt;/sec-sender&gt;&#xD;
&#xD;
&#xD;
            &lt;/sec-form&gt;&#xD;
&#xD;
            &lt;a href="javascript:void(0)" role="link" class="forgot-Passwowd ng-scope" translate="FORGOT_PASSWORD" data-ng-click="forgotPassword()"&gt;Forgot your password?&lt;/a&gt;&#xD;
            &lt;a href="javascript:void(0)" role="link" class="create-new-account ng-scope" translate="CREATE_NEW_ACCOUNT" data-ng-click="createNewAccount()"&gt;CREATE NEW ACCOUNT&lt;/a&gt;&#xD;
&#xD;
        &lt;/div&gt;&#xD;
    &lt;/div&gt;&#xD;
&#xD;
&lt;/div&gt;&lt;/login-modal&gt;&#xD;
&#xD;
&lt;span class="mobileTitle"&gt;&#xD;
    &lt;div class="mini-title" id="loginMobileMiniTitle" style="display: none;"&gt;&#xD;
        &lt;label class="option ng-scope" translate="My_account" ng-click="accountSection()"&gt;My account&lt;/label&gt;&#xD;
        &lt;label class="option ng-scope" translate="My_Orders" ng-click="mobileRedirect('MyOrders')"&gt;My orders&lt;/label&gt;&#xD;
        &lt;label class="option ng-scope" translate="Sign_out" ng-click="signOut()"&gt;Sign out&lt;/label&gt;&#xD;
    &lt;/div&gt;&#xD;
&lt;/span&gt;&#xD;
&#xD;
&lt;span class="mobileTitle"&gt;&#xD;
    &lt;div class="mini-title-help mini-title-help-mobile" id="helpMobileMiniTitle" style="display: none;"&gt;&#xD;
        &lt;label class="option ng-scope" translate="ABOUT" ng-click="mobileRedirectHelp('about')"&gt;About&lt;/label&gt;&#xD;
        &lt;label class="option ng-scope" translate="AOS_VERSIONS" ng-click="mobileRedirectHelp('version')"&gt;AOS Versions&lt;/label&gt;&#xD;
        &lt;label class="option ng-scope" translate="CONFIG_TOOL" ng-click="openAdminClient()"&gt;Management Console&lt;/label&gt;&#xD;
    &lt;/div&gt;&#xD;
&lt;/span&gt;&#xD;
&#xD;
&lt;aside id="mobile-section" class="" style="left: -164px;"&gt;&#xD;
    &lt;ul&gt;&#xD;
        &lt;li data-ng-click="mobileRedirect('default')"&gt;&#xD;
            &lt;a href="javascript:void(0)" role="link" class="img"&gt;&#xD;
                &lt;svg id="mobileHome" version="1.1" xmlns="http://www.w3.org/2000/svg" xmlns:xlink="http://www.w3.org/1999/xlink" x="0px" y="0px" width="24px" height="24px" viewBox="0 0 24 24" enable-background="new 0 0 24 24" xml:space="preserve" icon-home-svg-mobile=""&gt;&#xD;
	&lt;path fill="#313131" d="M21,24H3V10l-1.7,1.4L0,9.8L12,0l12,9.8l-1.3,1.5L21,10V24z M16,22h3V8.3l-7-5.7L5,8.3V22h3v-8h8V22z M10,22 h4v-6h-4V22z"&gt;&lt;/path&gt;&#xD;
&lt;/svg&gt;&#xD;
            &lt;/a&gt;&#xD;
        &lt;/li&gt;&#xD;
        &lt;li data-ng-click="mobileRedirect('shoppingCart')"&gt;&#xD;
            &lt;a href="javascript:void(0)" role="link" class="img"&gt;&#xD;
                &lt;svg id="mobileCart" version="1.1" xmlns="http://www.w3.org/2000/svg" xmlns:xlink="http://www.w3.org/1999/xlink" x="0px" y="0px" width="24px" height="24px" viewBox="0 0 24 24" enable-background="new 0 0 24 24" xml:space="preserve" icon-cart-svg-mobile=""&gt;&#xD;
    &lt;path fill="#313131" d="M9,20c-1.1,0-2,0.9-2,2c0,1.1,0.9,2,2,2c1.1,0,2-0.9,2-2C11,20.9,10.1,20,9,20z M19,20c-1.1,0-2,0.9-2,2&#xD;
        c0,1.1,0.9,2,2,2s2-0.9,2-2C21,20.9,20.1,20,19,20z M8.3,15h12.5L24,4H5.5L4.8,1H0v2h3.2l4,16H21v-2H8.8L8.3,15z M6,6h15.3l-2,7&#xD;
        H7.8L6,6z"&gt;&lt;/path&gt;&#xD;
&lt;/svg&gt;&#xD;
                &lt;span class="cart ng-binding" ng-show="(cart | productsCartCount) &gt; 0" style=""&gt;4&lt;/span&gt;&#xD;
            &lt;/a&gt;&#xD;
        &lt;/li&gt;&#xD;
        &lt;li class="pointer" data-ng-click="login('loginMobileMiniTitle')"&gt;&#xD;
            &lt;a href="javascript:void(0)" role="link" class="img center"&gt;&#xD;
                &lt;a title="USER" icon-user-svg-mobile=""&gt;&#xD;
    &lt;svg id="mobileUser" version="1.1" xmlns="http://www.w3.org/2000/svg" xmlns:xlink="http://www.w3.org/1999/xlink" x="0px" y="0px" width="24px" height="24px" viewBox="0 0 24 24" enable-background="new 0 0 24 24" xml:space="preserve"&gt;&#xD;
        &lt;path fill="#313131" d="M12,13.6c3.3,0,5.9-3.1,5.9-6.8C17.9,3.1,15.3,0,12,0C8.7,0,6.1,3.1,6.1,6.8C6.1,10.6,8.7,13.6,12,13.6z&#xD;
             M12,2.1c2.1,0,3.8,2.1,3.8,4.7c0,2.6-1.7,4.7-3.8,4.7c-2.1,0-3.8-2.1-3.8-4.7C8.2,4.2,9.9,2.1,12,2.1z M20,14.3&#xD;
            c-0.4-0.4-1.1-0.3-1.5,0.1c-0.4,0.4-0.3,1.1,0.1,1.5c0.6,0.5,1.1,1.8,1.1,2.4c0,1.4-0.3,2.3-0.8,2.8C18,22,16,22,13.3,21.9&#xD;
            c-0.9,0-1.8,0-2.7,0C8,22,6,22,5.1,21.1c-0.5-0.5-0.8-1.4-0.8-2.8c0-0.9,0.3-1.7,1-2.5c0.4-0.4,0.3-1.1-0.1-1.4&#xD;
            C4.7,14,4.1,14,3.7,14.5c-1,1.2-1.5,2.4-1.5,3.8c0,1.9,0.5,3.3,1.4,4.2c1.5,1.5,4,1.5,7.1,1.5c0.9,0,1.8,0,2.7,0&#xD;
            c0.4,0,0.8,0,1.2,0c2.5,0,4.6-0.2,5.9-1.5c0.9-0.9,1.4-2.3,1.4-4.2C21.8,17.2,21.1,15.3,20,14.3z"&gt;&lt;/path&gt;&#xD;
    &lt;/svg&gt;&#xD;
&lt;/a&gt;&#xD;
                &lt;span data-ng-show="userCookie.response" class="hi-user ng-binding ng-hide"&gt;&lt;/span&gt;&#xD;
            &lt;/a&gt;&#xD;
        &lt;/li&gt;&#xD;
    &lt;/ul&gt;&#xD;
&lt;/aside&gt;&#xD;
&#xD;
&lt;!-- end mobile slider --&gt;&#xD;
&#xD;
&#xD;
&#xD;
&#xD;
&lt;!-- navigation --&gt;&#xD;
&#xD;
&lt;header ng-show="welcome" class=""&gt;&#xD;
    &lt;nav&gt;&#xD;
        &lt;ul class="roboto-light desktop-handler"&gt;&#xD;
            &lt;li&gt;&#xD;
                &lt;a id="helpLink" href="javascript:void(0)" role="link" class="img" data-ng-click="help('helpMiniTitle')" data-ng-mouseenter="miniTitleIn('helpMiniTitle')" data-ng-mouseleave="miniTitleOut('helpMiniTitle')"&gt;&#xD;
&#xD;
                    &lt;img src="../../css/images/Down_arrow.svg" width="12px" ;="" height="7px"&gt;&#xD;
                    &lt;svg id="menuHelp" version="1.1" xmlns="http://www.w3.org/2000/svg" xmlns:xlink="http://www.w3.org/1999/xlink" x="0px" y="0px" width="24px" height="24px" viewBox="0 0 24 24" enable-background="new 0 0 24 24" xml:space="preserve" icon-help-svg=""&gt;&#xD;
    &lt;path fill="#313131" d="M11,18 L13,18 L13,16 L11,16 L11,18 Z M12,2 C6.48,2 2,6.48 2,12 C2,17.52 6.48,22 12,22 C17.52,22 22,17.52 22,12 C22,6.48 17.52,2 12,2 Z M12,20 C7.59,20 4,16.41 4,12 C4,7.59 7.59,4 12,4 C16.41,4 20,7.59 20,12 C20,16.41 16.41,20 12,20 Z M12,6 C9.79,6 8,7.79 8,10 L10,10 C10,8.9 10.9,8 12,8 C13.1,8 14,8.9 14,10 C14,12 11,11.75 11,15 L13,15 C13,12.75 16,12.5 16,10 C16,7.79 14.21,6 12,6 Z"&gt;&lt;/path&gt;&#xD;
&lt;/svg&gt;&#xD;
&#xD;
                    &lt;div id="helpMiniTitle" class="mini-title-help" style="display: none;"&gt;&#xD;
                        &lt;label class="option roboto-medium ng-scope" translate="ABOUT" ng-click="mobileRedirectHelp('about')" href="javascript:void(0)" role="link"&gt;About&lt;/label&gt;&#xD;
                        &lt;label class="option ng-scope" translate="AOS_VERSIONS" ng-click="mobileRedirectHelp('version')" href="javascript:void(0)" role="link"&gt;AOS Versions&lt;/label&gt;&#xD;
                        &lt;label class="option ng-scope" translate="CONFIG_TOOL" ng-click="openAdminClient()" href="javascript:void(0)" role="link"&gt;Management Console&lt;/label&gt;&#xD;
                    &lt;/div&gt;&#xD;
                &lt;/a&gt;&#xD;
            &lt;/li&gt;&#xD;
            &lt;li data-ng-mouseenter="enterCart()" data-ng-mouseleave="leaveCart()"&gt;&#xD;
                &lt;a id="shoppingCartLink" aria-label="ShoppingCart" class="img" href="#/shoppingCart" role="link"&gt;&#xD;
                    &lt;svg id="menuCart" version="1.1" xmlns="http://www.w3.org/2000/svg" xmlns:xlink="http://www.w3.org/1999/xlink" x="0px" y="0px" width="24px" height="24px" viewBox="0 0 24 24" enable-background="new 0 0 24 24" xml:space="preserve" icon-cart-svg=""&gt;&#xD;
    &lt;path fill="#313131" d="M9,20c-1.1,0-2,0.9-2,2c0,1.1,0.9,2,2,2c1.1,0,2-0.9,2-2C11,20.9,10.1,20,9,20z M19,20c-1.1,0-2,0.9-2,2&#xD;
        c0,1.1,0.9,2,2,2s2-0.9,2-2C21,20.9,20.1,20,19,20z M8.3,15h12.5L24,4H5.5L4.8,1H0v2h3.2l4,16H21v-2H8.8L8.3,15z M6,6h15.3l-2,7&#xD;
        H7.8L6,6z"&gt;&lt;/path&gt;&#xD;
&lt;/svg&gt;&#xD;
                    &lt;span class="cart ng-binding" ng-show="(cart | productsCartCount) &gt; 0" style=""&gt;4&lt;/span&gt;&#xD;
                &lt;/a&gt;&#xD;
                &lt;ul&gt;&#xD;
                    &lt;li style="position: relative; background-color: white"&gt;&#xD;
                        &lt;tool-tip-cart id="toolTipCart" style="display: block;"&gt;&lt;div&gt;&#xD;
    &lt;div ng-hide="cart.productsInCart.length &gt; 0" class="emptyCart ng-hide" data-ng-click="redirect('/shoppingCart')" style=""&gt;&#xD;
        &lt;label class="center items roboto-bold ng-binding"&gt; ITEMS&#xD;
            &lt;span class="roboto-regular"&gt;(0)&lt;/span&gt;&#xD;
        &lt;/label&gt;&#xD;
        &lt;label class="center roboto-medium ng-scope" translate="Your_shopping_cart_is_empty"&gt;Your shopping cart is empty&lt;/label&gt;&#xD;
    &lt;/div&gt;&#xD;
    &lt;table ng-show="cart.productsInCart.length &gt; 0" class="" style=""&gt;&#xD;
        &lt;tbody style="height: 312px; overflow-y: hidden;"&gt;&#xD;
            &lt;!-- ngRepeat: product in cart.productsInCart track by $index --&gt;&lt;tr ng-repeat="product in cart.productsInCart track by $index" id="product" data-ng-class="{ lastProduct : $last }" class="ng-scope" style=""&gt;&#xD;
                &lt;td&gt;&#xD;
                    &lt;a href="#/product/17?color=414141&amp;amp;quantity=1&amp;amp;pageState=edit"&gt;&#xD;
                        &lt;img class="imageUrl" ng-src="/catalog/fetchImage?image_id=3200" alt="imgProduct" src="/catalog/fetchImage?image_id=3200"&gt;&#xD;
                    &lt;/a&gt;&#xD;
                &lt;/td&gt;&#xD;
                &lt;td&gt;&#xD;
                    &lt;a href="#/product/17?color=414141&amp;amp;quantity=1&amp;amp;pageState=edit"&gt;&#xD;
                        &lt;h3 class="ng-binding"&gt;HP ELITE X2 1011 G1 TABLET&lt;/h3&gt;&#xD;
                        &lt;label class="ng-binding"&gt;QTY: 1&lt;/label&gt;&#xD;
                        &lt;label class="ng-binding"&gt;Color:&#xD;
                            &lt;span class="ng-binding"&gt;BLACK&lt;/span&gt;&#xD;
                        &lt;/label&gt;&#xD;
                    &lt;/a&gt;&#xD;
                &lt;/td&gt;&#xD;
                &lt;td&gt;&#xD;
                    &lt;p class="price roboto-regular ng-binding"&gt;$1,279.00&lt;/p&gt;&#xD;
                    &lt;div class="closeDiv" ng-click="removeProduct($index, $event)"&gt;&#xD;
                        &lt;div icon-x="" class="removeProduct iconCss iconX"&gt;&lt;/div&gt;&#xD;
                    &lt;/div&gt;&#xD;
                &lt;/td&gt;&#xD;
            &lt;/tr&gt;&lt;!-- end ngRepeat: product in cart.productsInCart track by $index --&gt;&lt;tr ng-repeat="product in cart.productsInCart track by $index" id="product" data-ng-class="{ lastProduct : $last }" class="ng-scope" style=""&gt;&#xD;
                &lt;td&gt;&#xD;
                    &lt;a href="#/product/33?color=414141&amp;amp;quantity=2&amp;amp;pageState=edit"&gt;&#xD;
                        &lt;img class="imageUrl" ng-src="/catalog/fetchImage?image_id=5800" alt="imgProduct" src="/catalog/fetchImage?image_id=5800"&gt;&#xD;
                    &lt;/a&gt;&#xD;
                &lt;/td&gt;&#xD;
                &lt;td&gt;&#xD;
                    &lt;a href="#/product/33?color=414141&amp;amp;quantity=2&amp;amp;pageState=edit"&gt;&#xD;
                        &lt;h3 class="ng-binding"&gt;HP Z8000 BLUETOOTH MOUSE&lt;/h3&gt;&#xD;
                        &lt;label class="ng-binding"&gt;QTY: 2&lt;/label&gt;&#xD;
                        &lt;label class="ng-binding"&gt;Color:&#xD;
                            &lt;span class="ng-binding"&gt;BLACK&lt;/span&gt;&#xD;
                        &lt;/label&gt;&#xD;
                    &lt;/a&gt;&#xD;
                &lt;/td&gt;&#xD;
                &lt;td&gt;&#xD;
                    &lt;p class="price roboto-regular ng-binding"&gt;$101.98&lt;/p&gt;&#xD;
                    &lt;div class="closeDiv" ng-click="removeProduct($index, $event)"&gt;&#xD;
                        &lt;div icon-x="" class="removeProduct iconCss iconX"&gt;&lt;/div&gt;&#xD;
                    &lt;/div&gt;&#xD;
                &lt;/td&gt;&#xD;
            &lt;/tr&gt;&lt;!-- end ngRepeat: product in cart.productsInCart track by $index --&gt;&lt;tr ng-repeat="product in cart.productsInCart track by $index" id="product" data-ng-class="{ lastProduct : $last }" class="ng-scope lastProduct" style=""&gt;&#xD;
                &lt;td&gt;&#xD;
                    &lt;a href="#/product/8?color=C3C3C3&amp;amp;quantity=1&amp;amp;pageState=edit"&gt;&#xD;
                        &lt;img class="imageUrl" ng-src="/catalog/fetchImage?image_id=1800" alt="imgProduct" src="/catalog/fetchImage?image_id=1800"&gt;&#xD;
                    &lt;/a&gt;&#xD;
                &lt;/td&gt;&#xD;
                &lt;td&gt;&#xD;
                    &lt;a href="#/product/8?color=C3C3C3&amp;amp;quantity=1&amp;amp;pageState=edit"&gt;&#xD;
                        &lt;h3 class="ng-binding"&gt;HP ZBOOK 17 G2 MOBILE WORKS...&lt;/h3&gt;&#xD;
                        &lt;label class="ng-binding"&gt;QTY: 1&lt;/label&gt;&#xD;
                        &lt;label class="ng-binding"&gt;Color:&#xD;
                            &lt;span class="ng-binding"&gt;GRAY&lt;/span&gt;&#xD;
                        &lt;/label&gt;&#xD;
                    &lt;/a&gt;&#xD;
                &lt;/td&gt;&#xD;
                &lt;td&gt;&#xD;
                    &lt;p class="price roboto-regular ng-binding"&gt;$1,799.00&lt;/p&gt;&#xD;
                    &lt;div class="closeDiv" ng-click="removeProduct($index, $event)"&gt;&#xD;
                        &lt;div icon-x="" class="removeProduct iconCss iconX"&gt;&lt;/div&gt;&#xD;
                    &lt;/div&gt;&#xD;
                &lt;/td&gt;&#xD;
            &lt;/tr&gt;&lt;!-- end ngRepeat: product in cart.productsInCart track by $index --&gt;&#xD;
        &lt;/tbody&gt;&#xD;
        &lt;tfoot data-ng-click="redirect('/shoppingCart')"&gt;&#xD;
            &lt;tr&gt;&#xD;
                &lt;td colspan="2"&gt;&#xD;
                    &lt;span class="roboto-medium ng-binding"&gt;TOTAL&#xD;
                        &lt;label class="roboto-regular ng-binding"&gt;(4 Items)&lt;/label&gt;&#xD;
                    &lt;/span&gt;&#xD;
                &lt;/td&gt;&#xD;
                &lt;td&gt;&#xD;
                    &lt;span class="roboto-medium cart-total ng-binding"&gt;$3,179.98&lt;/span&gt;&#xD;
                &lt;/td&gt;&#xD;
            &lt;/tr&gt;&#xD;
            &lt;tr&gt;&#xD;
                &lt;td colspan="3"&gt;&#xD;
                    &lt;button id="checkOutPopUp" name="check_out_btn" role="button" class="roboto-medium ng-binding" data-ng-click="checkout($event)"&gt;CHECKOUT  ($3,179.98)&lt;/button&gt;&#xD;
                &lt;/td&gt;&#xD;
            &lt;/tr&gt;&#xD;
        &lt;/tfoot&gt;&#xD;
&#xD;
    &lt;/table&gt;&#xD;
&lt;/div&gt;&#xD;
&#xD;
&#xD;
&#xD;
&#xD;
&#xD;
&#xD;
&#xD;
&#xD;
&#xD;
&#xD;
&#xD;
&#xD;
&#xD;
&#xD;
&lt;/tool-tip-cart&gt;&#xD;
                    &lt;/li&gt;&#xD;
                &lt;/ul&gt;&#xD;
            &lt;/li&gt;&#xD;
            &lt;li&gt;&#xD;
                &lt;a id="menuUserLink" aria-label="UserMenu" href="javascript:void(0)" role="link" class="img" data-ng-click="login('loginMiniTitle')" data-ng-mouseenter="miniTitleIn('loginMiniTitle')" data-ng-mouseleave="miniTitleOut('loginMiniTitle')"&gt;&#xD;
                    &lt;span data-ng-show="userCookie.response" class="hi-user containMiniTitle ng-binding ng-hide"&gt;&lt;/span&gt;&lt;a id="hrefUserIcon" title="USER" icon-user-svg=""&gt;&#xD;
    &lt;svg id="menuUser" version="1.1" xmlns="http://www.w3.org/2000/svg" xmlns:xlink="http://www.w3.org/1999/xlink" x="0px" y="0px" width="24px" height="24px" viewBox="0 0 24 24" enable-background="new 0 0 24 24" xml:space="preserve"&gt;&#xD;
        &lt;path id="menuUserSVGPath" fill="#313131" d="M12,13.6c3.3,0,5.9-3.1,5.9-6.8C17.9,3.1,15.3,0,12,0C8.7,0,6.1,3.1,6.1,6.8C6.1,10.6,8.7,13.6,12,13.6z&#xD;
             M12,2.1c2.1,0,3.8,2.1,3.8,4.7c0,2.6-1.7,4.7-3.8,4.7c-2.1,0-3.8-2.1-3.8-4.7C8.2,4.2,9.9,2.1,12,2.1z M20,14.3&#xD;
            c-0.4-0.4-1.1-0.3-1.5,0.1c-0.4,0.4-0.3,1.1,0.1,1.5c0.6,0.5,1.1,1.8,1.1,2.4c0,1.4-0.3,2.3-0.8,2.8C18,22,16,22,13.3,21.9&#xD;
            c-0.9,0-1.8,0-2.7,0C8,22,6,22,5.1,21.1c-0.5-0.5-0.8-1.4-0.8-2.8c0-0.9,0.3-1.7,1-2.5c0.4-0.4,0.3-1.1-0.1-1.4&#xD;
            C4.7,14,4.1,14,3.7,14.5c-1,1.2-1.5,2.4-1.5,3.8c0,1.9,0.5,3.3,1.4,4.2c1.5,1.5,4,1.5,7.1,1.5c0.9,0,1.8,0,2.7,0&#xD;
            c0.4,0,0.8,0,1.2,0c2.5,0,4.6-0.2,5.9-1.5c0.9-0.9,1.4-2.3,1.4-4.2C21.8,17.2,21.1,15.3,20,14.3z"&gt;&lt;/path&gt;&#xD;
    &lt;/svg&gt;&#xD;
&lt;/a&gt;&#xD;
                    &lt;div class="mini-title" id="loginMiniTitle" style="display: none;"&gt;&#xD;
                        &lt;label class="option roboto-medium ng-scope" translate="My_account" ng-click="accountSection()" href="javascript:void(0)" role="link"&gt;My account&lt;/label&gt;&#xD;
                        &lt;label class="option ng-scope" translate="My_Orders" ng-click="mobileRedirect('MyOrders')" href="javascript:void(0)" role="link"&gt;My orders&lt;/label&gt;&#xD;
                        &lt;label class="option roboto-medium ng-scope" translate="Sign_out" ng-click="signOut($event)" href="javascript:void(0)" role="link"&gt;Sign out&lt;/label&gt;&#xD;
                    &lt;/div&gt;&#xD;
                &lt;/a&gt;&#xD;
            &lt;/li&gt;&#xD;
            &lt;li&gt;&#xD;
                &lt;a class="img"&gt;&#xD;
                    &lt;div id="searchSection" data-ng-mouseenter="allowClosing = false" data-ng-mouseleave="allowClosingLeave()" data-ng-click="closeSearchSection()" tool-tip-search=""&gt;&#xD;
&#xD;
    &lt;div id="input" data-ng-click="$event.stopPropagation()"&gt;&#xD;
        &lt;div id="search"&gt;&#xD;
            &lt;a title="SEARCH"&gt;&#xD;
                &lt;svg id="menuSearch" version="1.1" xmlns="http://www.w3.org/2000/svg" xmlns:xlink="http://www.w3.org/1999/xlink" x="0px" y="0px" width="24px" height="24px" viewBox="0 0 24 24" enable-background="new 0 0 24 24" xml:space="preserve" icon-search-svg="" data-ng-click="openSearchProducts()"&gt;&#xD;
&lt;path fill="#313131" d="M23.7,22l-6.8-5.6c0,0-0.1,0-0.1-0.1c3.1-3.8,2.9-9.4-0.6-12.9c-1.8-1.8-4.2-2.8-6.7-2.8&#xD;
	c-2.5,0-4.9,1-6.7,2.8c-3.7,3.7-3.7,9.8,0,13.6c1.8,1.8,4.2,2.8,6.7,2.8c2.3,0,4.4-0.8,6.1-2.2c0,0,0,0.1,0.1,0.1l6.8,5.6&#xD;
	c0.2,0.2,0.4,0.3,0.6,0.3c0.2,0,0.4-0.1,0.6-0.3C24.1,22.9,24.1,22.3,23.7,22z M9.5,17.9c-2.1,0-4-0.8-5.5-2.3c-3-3.1-3-8,0-11.1&#xD;
	c1.5-1.5,3.4-2.3,5.5-2.3c2.1,0,4,0.8,5.5,2.3c3,3.1,3,8,0,11.1C13.5,17.1,11.6,17.9,9.5,17.9z"&gt;&lt;/path&gt;&#xD;
&lt;/svg&gt;&#xD;
            &lt;/a&gt;&#xD;
            &lt;div class="autoCompleteCover" style="width: 0px; opacity: 0.5; margin: 0px;"&gt;&#xD;
                &lt;input id="autoComplete" type="text" class="roboto-regular ng-pristine ng-untouched ng-valid" placeholder="Search AdvantageOnlineShopping.com" data-ng-keypress="checkEnterKey($event)" data-ng-model="autoCompleteValue" data-ng-keyup="runAutocomplete()"&gt;&#xD;
&#xD;
                &lt;div data-ng-click="closeSearchForce()" style="position: absolute; right: 0; top:0"&gt;&#xD;
                    &lt;img src="../../css/images/closeDark.png" style="width:20px; height:20px; padding: 12px 0"&gt;&#xD;
                &lt;/div&gt;&#xD;
&#xD;
            &lt;/div&gt;&#xD;
        &lt;/div&gt;&#xD;
    &lt;/div&gt;&#xD;
&#xD;
&#xD;
&#xD;
&#xD;
    &lt;div id="output" data-ng-show="autoCompleteResult.length &gt; 0" class="ng-hide"&gt;&#xD;
        &lt;div class="searchPopUp" data-ng-click="$event.stopPropagation()"&gt;&#xD;
            &lt;div class="categories"&gt;&#xD;
                &lt;h3 class="roboto-medium ng-scope" translate="CATEGORIES" data-ng-mouseenter="searchByCategoryId(null, '')"&gt;CATEGORIES&lt;/h3&gt;&#xD;
                &lt;!-- ngRepeat: result in autoCompleteResult --&gt;&#xD;
            &lt;/div&gt;&#xD;
            &lt;div class="top6Products"&gt;&#xD;
                &lt;h3 class="roboto-medium ng-binding"&gt;TOP RESULTS FOR: ""&#xD;
                    &lt;p style="font-size: 11px !important; font-weight: 300 !important;" class="ng-binding"&gt;  &lt;/p&gt;&#xD;
                &lt;/h3&gt;&#xD;
                &lt;a href="#/search/?viewAll=" translate="View_All" class="roboto-medium viewAll ng-scope"&gt;View All&lt;/a&gt;&#xD;
                &lt;!-- ngRepeat: product in [] | filterFullArrayforAutoComplate:autoCompleteResult:categoryFilter --&gt;&#xD;
            &lt;/div&gt;&#xD;
        &lt;/div&gt;&#xD;
&#xD;
&#xD;
    &lt;/div&gt;&#xD;
&#xD;
&#xD;
&lt;/div&gt;&#xD;
                &lt;/a&gt;&#xD;
            &lt;/li&gt;&#xD;
            &lt;li class="nav-li-Links"&gt;&#xD;
                &lt;a href="javascript:void(0)" role="link" ng-click="gotoElement('contact_us')" class="menu navLinks roboto-regular ng-scope" translate="CONTACT_US" style="display: none; opacity: 1;"&gt;CONTACT US&lt;/a&gt;&#xD;
            &lt;/li&gt;&#xD;
            &lt;li class="nav-li-Links"&gt;&#xD;
                &lt;a href="javascript:void(0)" role="link" class="menu navLinks roboto-regular ng-scope" ng-click="gotoElement('popular_items')" translate="POPULAR_ITEMS" style="display: none; opacity: 1;"&gt;POPULAR ITEMS&lt;/a&gt;&#xD;
            &lt;/li&gt;&#xD;
            &lt;li class="nav-li-Links"&gt;&#xD;
                &lt;a href="javascript:void(0)" role="link" class="menu navLinks roboto-regular ng-scope" ng-click="gotoElement('special_offer_items')" translate="SPACIAL_OFFER" style="display: none; opacity: 1;"&gt;SPECIAL OFFER&lt;/a&gt;&#xD;
            &lt;/li&gt;&#xD;
            &lt;li class="nav-li-Links"&gt;&#xD;
                &lt;a href="javascript:void(0)" role="link" class="menu navLinks roboto-regular ng-scope" ng-click="gotoElement('our_products')" translate="OUR_PRODUCTS" style="display: none; opacity: 1;"&gt;OUR PRODUCTS&lt;/a&gt;&#xD;
            &lt;/li&gt;&#xD;
&#xD;
        &lt;/ul&gt;&#xD;
        &lt;div class="logo"&gt;&#xD;
            &lt;a href="#/" role="link" ng-click="go_up()"&gt;&#xD;
                &lt;!--&lt;img src="css/images/logo.png"/&gt;--&gt;&#xD;
                &lt;svg version="1.1" id="Layer_1" xmlns="http://www.w3.org/2000/svg" xmlns:xlink="http://www.w3.org/1999/xlink" x="0px" y="0px" width="45px" height="45px" viewBox="0 0 30 45" enable-background="new 0 0 45 45" xml:space="preserve"&gt;&#xD;
                    &lt;path fill="#54B3AD" d="M21,33h-6c-1.1,0-2-1.1-2-2.2V7h2.9c0.7,0,1.3,0.4,1.6,1.1l12.9,35.2c0.4,1,1.6,1.6,2.6,1.6h5L22,1.8&#xD;
                        C21.6,0.7,21.1,0,20,0H6v34.1c0,3.3,1.4,5.9,5,5.9h14l-1.3-5.6C23.4,33.4,22,33,21,33z"&gt;&lt;/path&gt;&#xD;
                &lt;/svg&gt;&#xD;
                &lt;span class="roboto-medium ng-binding"&gt;dvantage&lt;/span&gt;&#xD;
                &lt;span class="logoDemo roboto-light ng-binding"&gt;DEMO&lt;/span&gt;&#xD;
            &lt;/a&gt;&#xD;
&#xD;
            &lt;div id="mobile-btn" class="mobile-btn-handler" ng-click="openMobileSection()"&gt;&#xD;
                &lt;span&gt;&lt;/span&gt;&lt;span&gt;&lt;/span&gt;&lt;span&gt;&lt;/span&gt;&#xD;
            &lt;/div&gt;&#xD;
        &lt;/div&gt;&#xD;
    &lt;/nav&gt;&#xD;
    &lt;div id="toast-container" ng-class="[config.position, config.animation]" toaster-options="{'time-out': 5000, }" class="toast-top-right"&gt;&lt;!-- ngRepeat: toaster in toasters --&gt;&lt;/div&gt;&#xD;
&lt;/header&gt;&#xD;
&#xD;
&lt;!-- end navigation " ng-show="cartCount != 0 --&gt;&#xD;
&#xD;
&lt;!-- uiView:  --&gt;&lt;div class="uiview ng-scope" ui-view="" style=""&gt;&#xD;
&lt;section class="ng-scope"&gt;&#xD;
    &lt;article class="sp"&gt;&#xD;
&#xD;
        &lt;nav class="pages fixedImportant" style="top:65px"&gt;&#xD;
            &lt;a translate="HOME" href="#/" class="ng-scope"&gt;HOME&lt;/a&gt;&#xD;
            &lt;a class="select  ng-binding"&gt; SHOPPING CART&lt;/a&gt;&#xD;
        &lt;/nav&gt;&#xD;
&#xD;
        &lt;h3 class="roboto-regular center sticky fixedImportant ng-binding"&gt;&#xD;
            SHOPPING CART &lt;span ng-show="cart.productsInCart.length &gt; 0" class="ng-binding"&gt;(4)&lt;/span&gt;&#xD;
        &lt;/h3&gt;&#xD;
&#xD;
        &lt;div id="shoppingCart"&gt;&#xD;
            &lt;table class="fixedTableEdgeCompatibility" ng-show="cart.productsInCart.length &gt; 0"&gt;&#xD;
                &lt;thead&gt;&#xD;
                &lt;tr&gt;&#xD;
                    &lt;th class="imgHeader"&gt;&#xD;
                    &lt;/th&gt;&#xD;
                    &lt;th&gt;&#xD;
                        &lt;label class="roboto-light ng-scope" translate="PRODUCT_NAME"&gt;PRODUCT NAME&lt;/label&gt;&#xD;
                    &lt;/th&gt;&#xD;
                    &lt;th class="smollCell ng-hide" data-ng-show="enableWarranty"&gt;&#xD;
                        &lt;label class="roboto-light ng-scope" translate="WARRANTY"&gt;WARRANTY&lt;/label&gt;&#xD;
                    &lt;/th&gt;&#xD;
                    &lt;th class="smollCell"&gt;&#xD;
                        &lt;label class="roboto-light ng-scope" translate="COLOR"&gt;COLOR&lt;/label&gt;&#xD;
                    &lt;/th&gt;&#xD;
[...]
                    &lt;/th&gt;&#xD;
                    &lt;th class="smollCell quantity"&gt;&#xD;
                        &lt;label class="roboto-light ng-scope" translate="QUANTITY"&gt;QUANTITY&lt;/label&gt;&#xD;
                    &lt;/th&gt;&#xD;
                    &lt;th class="smollCell"&gt;&#xD;
                        &lt;label class="roboto-light ng-scope" translate="PRICE"&gt;PRICE&lt;/label&gt;&#xD;
                    &lt;/th&gt;&#xD;
                &lt;/tr&gt;&#xD;
                &lt;/thead&gt;&#xD;
                &lt;tbody&gt;&#xD;
                &lt;!-- ngRepeat: product in cart.productsInCart track by $index --&gt;&lt;tr ng-repeat="product in cart.productsInCart track by $index" class="ng-scope"&gt;&#xD;
                    &lt;td&gt;&#xD;
                        &lt;img class="imageUrl" ng-src="/catalog/fetchImage?image_id=3200" alt="imgProduct" src="/catalog/fetchImage?image_id=3200"&gt;&#xD;
                    &lt;/td&gt;&#xD;
                    &lt;td&gt;&#xD;
                        &lt;label class="roboto-regular productName ng-binding"&gt;HP ELITE X2 1011 G1 TABLET&lt;/label&gt;&#xD;
                    &lt;/td&gt;&#xD;
                    &lt;td class="smollCell quantityMobile ng-hide" data-ng-show="enableWarranty"&gt;&#xD;
                        &lt;label class="roboto-light mobileViewer ng-scope" translate="WARRANTY"&gt;WARRANTY&lt;/label&gt;&#xD;
                        &lt;input style="z-index: 999;position: static;" name="purchase_warranty" disabled="" ng-checked="product.hasWarranty" type="checkbox"&gt;&#xD;
&#xD;
                    &lt;/td&gt;&#xD;
                    &lt;td class="smollCell"&gt;&#xD;
                        &lt;label class="roboto-light mobileViewer ng-binding"&gt;&#xD;
                            COLOR:&#xD;
                        &lt;/label&gt;&#xD;
                        &lt;span title="BLACK" ng-style="product.color.code != 'FFFFFF' ? {'backgroundColor': '#' + product.color.code, 'border': 'none 0px white'} : { 'backgroundColor': '#' + product.color.code }" class="productColor" style="background-color: rgb(65, 65, 65); border: 0px none white;"&gt;&lt;/span&gt;&#xD;
                    &lt;/td&gt;&#xD;
                    &lt;td class="smollCell quantityMobile"&gt;&#xD;
                        &lt;label class="roboto-light mobileViewer ng-scope" translate="QUANTITY"&gt;QUANTITY&lt;/label&gt;&#xD;
                        &lt;label class="ng-binding"&gt;1&lt;/label&gt;&#xD;
                    &lt;/td&gt;&#xD;
                    &lt;td class="smollCell"&gt;&#xD;
                        &lt;label class="roboto-light mobileViewer ng-binding"&gt;&#xD;
                            PRICE:&#xD;
                        &lt;/label&gt;&#xD;
                        &lt;p class="price roboto-regular ng-binding"&gt;&#xD;
                            $1,279.00&#xD;
                        &lt;/p&gt;&#xD;
                        &lt;span class="actions"&gt;&#xD;
                            &lt;a class="edit ng-scope" href="#/product/17?color=414141&amp;amp;quantity=1&amp;amp;pageState=edit&amp;amp;warranty=" translate="EDIT"&gt;EDIT&lt;/a&gt;&#xD;
                            &lt;a class="separator"&gt;|&lt;/a&gt;&#xD;
                            &lt;a class="remove red ng-scope" data-ng-click="removeProduct($index)" translate="REMOVE"&gt;REMOVE&lt;/a&gt;&#xD;
                        &lt;/span&gt;&#xD;
                    &lt;/td&gt;&#xD;
                &lt;/tr&gt;&lt;!-- end ngRepeat: product in cart.productsInCart track by $index --&gt;&lt;tr ng-repeat="product in cart.productsInCart track by $index" class="ng-scope"&gt;&#xD;
                    &lt;td&gt;&#xD;
                        &lt;img class="imageUrl" ng-src="/catalog/fetchImage?image_id=5800" alt="imgProduct" src="/catalog/fetchImage?image_id=5800"&gt;&#xD;
                    &lt;/td&gt;&#xD;
                    &lt;td&gt;&#xD;
                        &lt;label class="roboto-regular productName ng-binding"&gt;HP Z8000 BLUETOOTH MOUSE&lt;/label&gt;&#xD;
                    &lt;/td&gt;&#xD;
                    &lt;td class="smollCell quantityMobile ng-hide" data-ng-show="enableWarranty"&gt;&#xD;
                        &lt;label class="roboto-light mobileViewer ng-scope" translate="WARRANTY"&gt;WARRANTY&lt;/label&gt;&#xD;
                        &lt;input style="z-index: 999;position: static;" name="purchase_warranty" disabled="" ng-checked="product.hasWarranty" type="checkbox"&gt;&#xD;
&#xD;
                    &lt;/td&gt;&#xD;
                    &lt;td class="smollCell"&gt;&#xD;
                        &lt;label class="roboto-light mobileViewer ng-binding"&gt;&#xD;
                            COLOR:&#xD;
                        &lt;/label&gt;&#xD;
                        &lt;span title="BLACK" ng-style="product.color.code != 'FFFFFF' ? {'backgroundColor': '#' + product.color.code, 'border': 'none 0px white'} : { 'backgroundColor': '#' + product.color.code }" class="productColor" style="background-color: rgb(65, 65, 65); border: 0px none white;"&gt;&lt;/span&gt;&#xD;
                    &lt;/td&gt;&#xD;
                    &lt;td class="smollCell quantityMobile"&gt;&#xD;
                        &lt;label class="roboto-light mobileViewer ng-scope" translate="QUANTITY"&gt;QUANTITY&lt;/label&gt;&#xD;
                        &lt;label class="ng-binding"&gt;2&lt;/label&gt;&#xD;
                    &lt;/td&gt;&#xD;
                    &lt;td class="smollCell"&gt;&#xD;
                        &lt;label class="roboto-light mobileViewer ng-binding"&gt;&#xD;
                            PRICE:&#xD;
                        &lt;/label&gt;&#xD;
                        &lt;p class="price roboto-regular ng-binding"&gt;&#xD;
                            $101.98&#xD;
                        &lt;/p&gt;&#xD;
                        &lt;span class="actions"&gt;&#xD;
                            &lt;a class="edit ng-scope" href="#/product/33?color=414141&amp;amp;quantity=2&amp;amp;pageState=edit&amp;amp;warranty=" translate="EDIT"&gt;EDIT&lt;/a&gt;&#xD;
                            &lt;a class="separator"&gt;|&lt;/a&gt;&#xD;
                            &lt;a class="remove red ng-scope" data-ng-click="removeProduct($index)" translate="REMOVE"&gt;REMOVE&lt;/a&gt;&#xD;
                        &lt;/span&gt;&#xD;
                    &lt;/td&gt;&#xD;
                &lt;/tr&gt;&lt;!-- end ngRepeat: product in cart.productsInCart track by $index --&gt;&lt;tr ng-repeat="product in cart.productsInCart track by $index" class="ng-scope"&gt;&#xD;
                    &lt;td&gt;&#xD;
                        &lt;img class="imageUrl" ng-src="/catalog/fetchImage?image_id=1800" alt="imgProduct" src="/catalog/fetchImage?image_id=1800"&gt;&#xD;
                    &lt;/td&gt;&#xD;
                    &lt;td&gt;&#xD;
                        &lt;label class="roboto-regular productName ng-binding"&gt;HP ZBOOK 17 G2 MOBILE WORKSTATION&lt;/label&gt;&#xD;
                    &lt;/td&gt;&#xD;
                    &lt;td class="smollCell quantityMobile ng-hide" data-ng-show="enableWarranty"&gt;&#xD;
                        &lt;label class="roboto-light mobileViewer ng-scope" translate="WARRANTY"&gt;WARRANTY&lt;/label&gt;&#xD;
                        &lt;input style="z-index: 999;position: static;" name="purchase_warranty" disabled="" ng-checked="product.hasWarranty" type="checkbox"&gt;&#xD;
&#xD;
                    &lt;/td&gt;&#xD;
                    &lt;td class="smollCell"&gt;&#xD;
                        &lt;label class="roboto-light mobileViewer ng-binding"&gt;&#xD;
                            COLOR:&#xD;
                        &lt;/label&gt;&#xD;
                        &lt;span title="GRAY" ng-style="product.color.code != 'FFFFFF' ? {'backgroundColor': '#' + product.color.code, 'border': 'none 0px white'} : { 'backgroundColor': '#' + product.color.code }" class="productColor" style="background-color: rgb(195, 195, 195); border: 0px none white;"&gt;&lt;/span&gt;&#xD;
                    &lt;/td&gt;&#xD;
                    &lt;td class="smollCell quantityMobile"&gt;&#xD;
                        &lt;label class="roboto-light mobileViewer ng-scope" translate="QUANTITY"&gt;QUANTITY&lt;/label&gt;&#xD;
                        &lt;label class="ng-binding"&gt;1&lt;/label&gt;&#xD;
                    &lt;/td&gt;&#xD;
                    &lt;td class="smollCell"&gt;&#xD;
                        &lt;label class="roboto-light mobileViewer ng-binding"&gt;&#xD;
                            PRICE:&#xD;
                        &lt;/label&gt;&#xD;
                        &lt;p class="price roboto-regular ng-binding"&gt;&#xD;
                            $1,799.00&#xD;
                        &lt;/p&gt;&#xD;
                        &lt;span class="actions"&gt;&#xD;
                            &lt;a class="edit ng-scope" href="#/product/8?color=C3C3C3&amp;amp;quantity=1&amp;amp;pageState=edit&amp;amp;warranty=" translate="EDIT"&gt;EDIT&lt;/a&gt;&#xD;
                            &lt;a class="separator"&gt;|&lt;/a&gt;&#xD;
                            &lt;a class="remove red ng-scope" data-ng-click="removeProduct($index)" translate="REMOVE"&gt;REMOVE&lt;/a&gt;&#xD;
                        &lt;/span&gt;&#xD;
                    &lt;/td&gt;&#xD;
                &lt;/tr&gt;&lt;!-- end ngRepeat: product in cart.productsInCart track by $index --&gt;&#xD;
                &lt;/tbody&gt;&#xD;
                &lt;tfoot&gt;&#xD;
                &lt;tr&gt;&#xD;
                    &lt;td colspan="3" class="icons"&gt;&#xD;
                        &lt;label class="ng-binding"&gt;PAYMENT OPTIONS: &lt;/label&gt;&#xD;
                        &lt;ul&gt;&#xD;
                            &lt;li&gt;&#xD;
                                &lt;img src="../../css/images/Master_credit.png"&gt;&#xD;
                            &lt;/li&gt;&#xD;
                            &lt;li style="width: 80px"&gt;&#xD;
                                &lt;img src="../../css/images/SafePay.png"&gt;&#xD;
                            &lt;/li&gt;&#xD;
                        &lt;/ul&gt;&#xD;
                    &lt;/td&gt;&#xD;
                    &lt;td colspan="2"&gt;&#xD;
                        &lt;span class="roboto-light ng-binding"&gt;TOTAL:&lt;/span&gt;&#xD;
                        &lt;span class="roboto-medium ng-binding"&gt;$3,179.98&lt;/span&gt;&#xD;
                    &lt;/td&gt;&#xD;
                &lt;/tr&gt;&#xD;
                &lt;tr&gt;&#xD;
                    &lt;td colspan="5"&gt;&#xD;
                        &lt;button role="button" class="roboto-medium tami uft-class ng-binding" data-ng-click="checkout()" id="checkOutButton" name="check_out_btn"&gt;CHECKOUT ($3,179.98)&lt;/button&gt;&#xD;
                    &lt;/td&gt;&#xD;
                &lt;/tr&gt;&#xD;
                &lt;/tfoot&gt;&#xD;
            &lt;/table&gt;&#xD;
            &lt;div ng-hide="cart.productsInCart.length &gt; 0" class="bigEmptyCart center ng-hide"&gt;&#xD;
                &lt;label class="roboto-bold ng-scope" translate="Your_shopping_cart_is_empty"&gt;Your shopping cart is empty&lt;/label&gt;&#xD;
                &lt;a href="#/" role="link" class="a-button ng-scope" translate="CONTINUE_SHOPPING"&gt;CONTINUE SHOPPING&lt;/a&gt;&#xD;
            &lt;/div&gt;&#xD;
        &lt;/div&gt;&#xD;
&#xD;
        &lt;div id="mobileShoppingCart"&gt;&#xD;
            &lt;tool-tip-cart id="toolTipCart" style="display: block !important;"&gt;&lt;div&gt;&#xD;
    &lt;div ng-hide="cart.productsInCart.length &gt; 0" class="emptyCart ng-hide" data-ng-click="redirect('/shoppingCart')"&gt;&#xD;
        &lt;label class="center items roboto-bold ng-binding"&gt; ITEMS&#xD;
            &lt;span class="roboto-regular"&gt;(0)&lt;/span&gt;&#xD;
        &lt;/label&gt;&#xD;
        &lt;label class="center roboto-medium ng-scope" translate="Your_shopping_cart_is_empty"&gt;Your shopping cart is empty&lt;/label&gt;&#xD;
    &lt;/div&gt;&#xD;
    &lt;table ng-show="cart.productsInCart.length &gt; 0" class=""&gt;&#xD;
        &lt;tbody&gt;&#xD;
            &lt;!-- ngRepeat: product in cart.productsInCart track by $index --&gt;&lt;tr ng-repeat="product in cart.productsInCart track by $index" id="product" data-ng-class="{ lastProduct : $last }" class="ng-scope"&gt;&#xD;
                &lt;td&gt;&#xD;
                    &lt;a href="#/product/17?color=414141&amp;amp;quantity=1&amp;amp;pageState=edit"&gt;&#xD;
                        &lt;img class="imageUrl" ng-src="/catalog/fetchImage?image_id=3200" alt="imgProduct" src="/catalog/fetchImage?image_id=3200"&gt;&#xD;
                    &lt;/a&gt;&#xD;
                &lt;/td&gt;&#xD;
                &lt;td&gt;&#xD;
                    &lt;a href="#/product/17?color=414141&amp;amp;quantity=1&amp;amp;pageState=edit"&gt;&#xD;
                        &lt;h3 class="ng-binding"&gt;HP ELITE X2 1011 G1 TABLET&lt;/h3&gt;&#xD;
                        &lt;label class="ng-binding"&gt;QTY: 1&lt;/label&gt;&#xD;
                        &lt;label class="ng-binding"&gt;Color:&#xD;
                            &lt;span class="ng-binding"&gt;BLACK&lt;/span&gt;&#xD;
                        &lt;/label&gt;&#xD;
                    &lt;/a&gt;&#xD;
                &lt;/td&gt;&#xD;
                &lt;td&gt;&#xD;
                    &lt;p class="price roboto-regular ng-binding"&gt;$1,279.00&lt;/p&gt;&#xD;
                    &lt;div class="closeDiv" ng-click="removeProduct($index, $event)"&gt;&#xD;
                        &lt;div icon-x="" class="removeProduct iconCss iconX"&gt;&lt;/div&gt;&#xD;
                    &lt;/div&gt;&#xD;
                &lt;/td&gt;&#xD;
            &lt;/tr&gt;&lt;!-- end ngRepeat: product in cart.productsInCart track by $index --&gt;&lt;tr ng-repeat="product in cart.productsInCart track by $index" id="product" data-ng-class="{ lastProduct : $last }" class="ng-scope"&gt;&#xD;
                &lt;td&gt;&#xD;
                    &lt;a href="#/product/33?color=414141&amp;amp;quantity=2&amp;amp;pageState=edit"&gt;&#xD;
                        &lt;img class="imageUrl" ng-src="/catalog/fetchImage?image_id=5800" alt="imgProduct" src="/catalog/fetchImage?image_id=5800"&gt;&#xD;
                    &lt;/a&gt;&#xD;
                &lt;/td&gt;&#xD;
                &lt;td&gt;&#xD;
                    &lt;a href="#/product/33?color=414141&amp;amp;quantity=2&amp;amp;pageState=edit"&gt;&#xD;
                        &lt;h3 class="ng-binding"&gt;HP Z8000 BLUETOOTH MOUSE&lt;/h3&gt;&#xD;
                        &lt;label class="ng-binding"&gt;QTY: 2&lt;/label&gt;&#xD;
                        &lt;label class="ng-binding"&gt;Color:&#xD;
                            &lt;span class="ng-binding"&gt;BLACK&lt;/span&gt;&#xD;
                        &lt;/label&gt;&#xD;
                    &lt;/a&gt;&#xD;
                &lt;/td&gt;&#xD;
                &lt;td&gt;&#xD;
                    &lt;p class="price roboto-regular ng-binding"&gt;$101.98&lt;/p&gt;&#xD;
                    &lt;div class="closeDiv" ng-click="removeProduct($index, $event)"&gt;&#xD;
                        &lt;div icon-x="" class="removeProduct iconCss iconX"&gt;&lt;/div&gt;&#xD;
                    &lt;/div&gt;&#xD;
                &lt;/td&gt;&#xD;
            &lt;/tr&gt;&lt;!-- end ngRepeat: product in cart.productsInCart track by $index --&gt;&lt;tr ng-repeat="product in cart.productsInCart track by $index" id="product" data-ng-class="{ lastProduct : $last }" class="ng-scope lastProduct"&gt;&#xD;
                &lt;td&gt;&#xD;
                    &lt;a href="#/product/8?color=C3C3C3&amp;amp;quantity=1&amp;amp;pageState=edit"&gt;&#xD;
                        &lt;img class="imageUrl" ng-src="/catalog/fetchImage?image_id=1800" alt="imgProduct" src="/catalog/fetchImage?image_id=1800"&gt;&#xD;
                    &lt;/a&gt;&#xD;
                &lt;/td&gt;&#xD;
                &lt;td&gt;&#xD;
                    &lt;a href="#/product/8?color=C3C3C3&amp;amp;quantity=1&amp;amp;pageState=edit"&gt;&#xD;
                        &lt;h3 class="ng-binding"&gt;HP ZBOOK 17 G2 MOBILE WORKS...&lt;/h3&gt;&#xD;
                        &lt;label class="ng-binding"&gt;QTY: 1&lt;/label&gt;&#xD;
                        &lt;label class="ng-binding"&gt;Color:&#xD;
                            &lt;span class="ng-binding"&gt;GRAY&lt;/span&gt;&#xD;
                        &lt;/label&gt;&#xD;
                    &lt;/a&gt;&#xD;
                &lt;/td&gt;&#xD;
                &lt;td&gt;&#xD;
                    &lt;p class="price roboto-regular ng-binding"&gt;$1,799.00&lt;/p&gt;&#xD;
                    &lt;div class="closeDiv" ng-click="removeProduct($index, $event)"&gt;&#xD;
                        &lt;div icon-x="" class="removeProduct iconCss iconX"&gt;&lt;/div&gt;&#xD;
                    &lt;/div&gt;&#xD;
                &lt;/td&gt;&#xD;
            &lt;/tr&gt;&lt;!-- end ngRepeat: product in cart.productsInCart track by $index --&gt;&#xD;
        &lt;/tbody&gt;&#xD;
        &lt;tfoot data-ng-click="redirect('/shoppingCart')"&gt;&#xD;
            &lt;tr&gt;&#xD;
                &lt;td colspan="2"&gt;&#xD;
                    &lt;span class="roboto-medium ng-binding"&gt;TOTAL&#xD;
                        &lt;label class="roboto-regular ng-binding"&gt;(4 Items)&lt;/label&gt;&#xD;
                    &lt;/span&gt;&#xD;
                &lt;/td&gt;&#xD;
                &lt;td&gt;&#xD;
                    &lt;span class="roboto-medium cart-total ng-binding"&gt;$3,179.98&lt;/span&gt;&#xD;
                &lt;/td&gt;&#xD;
            &lt;/tr&gt;&#xD;
            &lt;tr&gt;&#xD;
                &lt;td colspan="3"&gt;&#xD;
                    &lt;button id="checkOutPopUp" name="check_out_btn" role="button" class="roboto-medium ng-binding" data-ng-click="checkout($event)"&gt;CHECKOUT  ($3,179.98)&lt;/button&gt;&#xD;
                &lt;/td&gt;&#xD;
            &lt;/tr&gt;&#xD;
        &lt;/tfoot&gt;&#xD;
&#xD;
    &lt;/table&gt;&#xD;
&lt;/div&gt;&#xD;
&#xD;
&#xD;
&#xD;
&#xD;
&#xD;
&#xD;
&#xD;
&#xD;
&#xD;
&#xD;
&#xD;
&#xD;
&#xD;
&#xD;
&lt;/tool-tip-cart&gt;&#xD;
        &lt;/div&gt;&#xD;
&#xD;
    &lt;/article&gt;&#xD;
&lt;/section&gt;&#xD;
&#xD;
&lt;footer class="ng-scope"&gt;&#xD;
    &lt;div&gt;&#xD;
        &lt;!-- FOLLOW US --&gt;&#xD;
        &lt;h3 class="roboto-regular center ng-scope" translate="FOLLOW_US"&gt;FOLLOW US&lt;/h3&gt;&#xD;
        &lt;div id="follow" class="center"&gt;&#xD;
            &lt;a target="_blank" href=" https://www.facebook.com/MicroFocus/"&gt;&#xD;
                &lt;img name="follow_facebook" src="css/images/facebook.png" alt="icon" data-ng-click="linkTo('')"&gt;&#xD;
            &lt;/a&gt;&#xD;
            &lt;a target="_blank" href="https://twitter.com/MicroFocus"&gt;&#xD;
                &lt;img name="follow_twitter" src="css/images/twitter.png" alt="icon"&gt;&#xD;
            &lt;/a&gt;&#xD;
            &lt;a target="_blank" href="https://www.linkedin.com/company/1024?trk=tyah&amp;amp;trkInfo=clickedVertical%3Ashowcase%2CclickedEntityId%3A1024%2Cidx%3A2-1-2%2CtarId%3A145431482.327%2Ctas%3Ahewlett%20packard%20enterprise%20software"&gt;&#xD;
                &lt;img name="follow_linkedin" src="css/images/linkedin.png" alt="icon"&gt;&#xD;
            &lt;/a&gt;&#xD;
        &lt;/div&gt;&#xD;
        &lt;label&gt; © Advantage Inc, 2024. Release 3.3 &lt;/label&gt;&#xD;
    &lt;/div&gt;&#xD;
&lt;/footer&gt;&#xD;
&#xD;
&#xD;
&lt;/div&gt;&#xD;
&#xD;
&lt;div virtual-footer="" id="virtualFooter" style="display: block; position: relative; height: 379px; width: 100%;"&gt;&lt;/div&gt;&#xD;
&#xD;
&#xD;
&lt;script type="text/javascript" data-main="main.min" src="vendor/requirejs/require.js"&gt;&lt;/script&gt;&#xD;
&#xD;
&lt;div id="toast"&gt;&#xD;
    &lt;a&gt;Product Added Successfully&lt;/a&gt;&#xD;
&lt;/div&gt;&#xD;
&#xD;
&#xD;
&lt;/body&gt;&lt;/html&gt;&#xD;
找到 6 个商品行&#xD;
&#xD;
NUnit Adapter 3.17.0.0: Test execution complete&#xD;
</StdOut>
    </Output>
  </ResultSummary>
</TestRun>